2020-05-29 12:16:57,630 INFO  com.elo.au.migration.main.App 0{1}:209 - Execute Start
2020-05-29 12:16:57,646 INFO  com.elo.au.migration.main.App 16{1}:209 - migrationjson file path D:\GDO Scripts\BulkUpload\GDOAutomatedUpload\json\digital_elomigration.json
2020-05-29 12:16:57,661 INFO  com.elo.au.migration.main.App 31{1}:209 - CSV Splitter defined is \|
2020-05-29 12:16:57,661 INFO  com.elo.au.migration.main.App 31{1}:209 - No of projects 1
2020-05-29 12:17:04,208 INFO  de.elo.ix.client.IXAuthentication 6578{1}:75 - Authenticate [BClient_Indexserver, transport=[[750812725.-1119244096108364881.8803035972848407727.], wire=[url=https://demo.gracedigitaloffice.com.au/ix-GDOScanOnDemand/byps, #openreq=1, done=false]]]
2020-05-29 12:17:04,208 INFO  byps.BTransport 6578{1}:205 - send-1 Request=[IXServicePortIF.login([null:ixclient-1:1,en/AU],PUBLIC_ENCR_KEY,null,null,null)]
2020-05-29 12:17:04,255 INFO  byps.BTransport 6625{1}:241 - send-1 [47] Response=[ci=[AIarAzGEPLfKMoqsLRsDz5rdhF+sdptHF936QIeSHfABt8MaV8Ex5l78+KEQyHON19hD33JpD437saIP2MMhGkBcg86NKrlduiCZU1X0LyBbidM7exn+dWpAbxfjE+3rDWVjYaLEyrZFxzMyUMn7JkibZ/ZOH8502T1P6+U+4hhb AQAB:ixclient-1:1,en/AU],tlf=0,user=null
2020-05-29 12:17:04,271 INFO  de.elo.ix.client.IXAuthentication 6641{1}:320 - Initialized public RSA key in 0ms.
2020-05-29 12:17:04,583 INFO  de.elo.ix.client.IXAuthentication 6953{1}:340 - Encrypt password, 312ms.
2020-05-29 12:17:04,583 INFO  byps.BTransport 6953{1}:205 - send-2 Request=[IXServicePortIF.login([null:ixclient-2:2,en/AU],testupload,##RSA##UaPhOmmVLegJJxL/VLKvJSmdp3lWEPedINemuBSVo2souY5/PvL3JJsc72ic5Tc5z2oTVFoGTf3hv9qXsH3vjff2zQ7sA6rj/4+qVD+VBJnt9KY1uBnLG4LsPs3RAcxObSyhjStkvNZHtZj4wqm8Oldpwvg+A929NRHIWmKCUeU=,local¶TDBD,null)]
2020-05-29 12:17:05,365 INFO  byps.BTransport 7735{1}:241 - send-2 [782] Response=[ci=[B254A2ACDCA6772D99DB077F67FAAD97:ixclient-2:2,en/AU],tlf=486,user=[108,testupload]
2020-05-29 12:17:05,365 INFO  de.elo.ix.client.IXAuthentication 7735{1}:395 - Login result=[ci=[B254A2ACDCA6772D99DB077F67FAAD97:ixclient-2:2,en/AU],tlf=486,user=[108,testupload]
2020-05-29 12:17:05,365 INFO  byps.BTransport 7735{1}:205 - send-3 Request=[IXServicePortIF.getServerInfo([B254A2ACDCA6772D99DB077F67FAAD97:ixclient-1:3,en/AU])]
2020-05-29 12:17:05,490 INFO  byps.BTransport 7860{1}:241 - send-3 [125] Response=[ixid=ELO-WIN-B2R16M2MKQD-1,indexServers=#4[[arcName=GDOScanOnDemand,url=http://WIN-B2R16M2MKQD:9090/ix-GDOScanOnDemand/ix],[arcName=GraceEducation,url=http://WIN-B2R16M2MKQD:9090/ix-GraceEducation/ix],[arcName=ScratchPad,url=http://WIN-B2R16M2MKQD:9090/ix-ScratchPad/ix],[arcName=ScratchPadGeneral,url=http://WIN-B2R16M2MKQD:9090/ix-ScratchPadGeneral/ix]],license=[serno=Grace Digital Office,indexServer=true,limitedVersion=false,demoVersion=false,fultext=true,replication=false,backup=false,limitedIg=false,nbOfServerLicenses=50,sapALink=false,xmlImport=true,cold=true,httpServer=true,domea=false,signature=false,stack=false,nbOfFulltextLangs=3],version=11.01.000.1779,replProcessOnServerId=,databaseEngine=MSSQL]
2020-05-29 12:17:05,490 INFO  byps.BTransport 7860{1}:205 - send-4 Request=[IXServicePortIF.setSessionOptions([B254A2ACDCA6772D99DB077F67FAAD97:ixclient-2:4,en/AU],#3[[clientApp.version=1.0],[clientApp.name=Migration],[clientApp.type=TDBD]])]
2020-05-29 12:17:05,615 INFO  byps.BTransport 7985{1}:241 - send-4 [125] Response=(void)
2020-05-29 12:17:05,615 INFO  de.elo.ix.client.IXAuthentication 7985{1}:167 - Set session options=#3[[clientApp.version=1.0],[clientApp.name=Migration],[clientApp.type=TDBD]], err=null
2020-05-29 12:17:05,615 INFO  byps.BTransport 7985{1}:205 - send-5 Request=[IXServicePortIF.getConstants([B254A2ACDCA6772D99DB077F67FAAD97:ixclient-1:5,en/AU])]
2020-05-29 12:17:05,849 INFO  byps.BTransport 8219{1}:241 - send-5 [234] Response=de.elo.ix.client.IXServicePortC@3ac22bb4
2020-05-29 12:17:05,849 INFO  com.elo.au.migration.main.App 8219{1}:209 - Project Name 1. 20200529_01388993
2020-05-29 12:17:05,849 INFO  com.elo.au.migration.main.App 8219{1}:209 - Indexfilepath H:\GDO Jobs\SOD\AccountName\Test DM\WO 01388993\INDEX.TXT
2020-05-29 12:17:05,865 INFO  com.elo.au.migration.main.App 8235{1}:209 - createStgTblQuery - CREATE TABLE "20200529_01388993_STAGING" ("DM_CODE1" VARCHAR (1024), "DM_CODE2" VARCHAR (1024), "DM_CODE3" VARCHAR (1024), "DM_WONUMBER" VARCHAR (1024), "DM_CARTONBARCODE" VARCHAR (1024), "DM_DATE" VARCHAR (1024), "DM_WHAT" VARCHAR (1024), "DM_WHERE" VARCHAR (1024), "DM_WHO" VARCHAR (1024), "DM_WHEN" VARCHAR (1024), "DM_DESC" VARCHAR (1024), "DOCUMENT_PATH" VARCHAR (1024), "KWFNAME" VARCHAR (1024), "ELOOBJID" VARCHAR (1024), "UPLOADTIME" VARCHAR (1024))
2020-05-29 12:17:05,896 ERROR com.elo.au.migration.util.QueryHelper 8266{1}:217 - Error in createTable com.microsoft.sqlserver.jdbc.SQLServerException: There is already an object named '20200529_01388993_STAGING' in the database.
2020-05-29 12:17:05,896 INFO  com.elo.au.migration.main.App 8266{1}:209 - Create table result -1
2020-05-29 12:17:05,896 INFO  com.elo.au.migration.main.App 8266{1}:209 - Unable to create staging table
2020-05-29 12:17:05,896 INFO  com.elo.au.migration.main.App 8266{1}:209 - Execute Finished
2020-05-29 12:17:47,511 INFO  com.elo.au.migration.main.App 0{1}:209 - Execute Start
2020-05-29 12:17:47,511 INFO  com.elo.au.migration.main.App 0{1}:209 - migrationjson file path D:\GDO Scripts\BulkUpload\GDOAutomatedUpload\json\digital_elomigration.json
2020-05-29 12:17:47,527 INFO  com.elo.au.migration.main.App 16{1}:209 - CSV Splitter defined is \|
2020-05-29 12:17:47,527 INFO  com.elo.au.migration.main.App 16{1}:209 - No of projects 1
2020-05-29 12:17:54,152 INFO  de.elo.ix.client.IXAuthentication 6641{1}:75 - Authenticate [BClient_Indexserver, transport=[[750812725.-8232348891068969557.-3385048520259847845.], wire=[url=https://demo.gracedigitaloffice.com.au/ix-GDOScanOnDemand/byps, #openreq=1, done=false]]]
2020-05-29 12:17:54,152 INFO  byps.BTransport 6641{1}:205 - send-1 Request=[IXServicePortIF.login([null:ixclient-1:1,en/AU],PUBLIC_ENCR_KEY,null,null,null)]
2020-05-29 12:17:54,214 INFO  byps.BTransport 6703{1}:241 - send-1 [62] Response=[ci=[AIarAzGEPLfKMoqsLRsDz5rdhF+sdptHF936QIeSHfABt8MaV8Ex5l78+KEQyHON19hD33JpD437saIP2MMhGkBcg86NKrlduiCZU1X0LyBbidM7exn+dWpAbxfjE+3rDWVjYaLEyrZFxzMyUMn7JkibZ/ZOH8502T1P6+U+4hhb AQAB:ixclient-1:1,en/AU],tlf=0,user=null
2020-05-29 12:17:54,214 INFO  de.elo.ix.client.IXAuthentication 6703{1}:320 - Initialized public RSA key in 0ms.
2020-05-29 12:17:54,511 INFO  de.elo.ix.client.IXAuthentication 7000{1}:340 - Encrypt password, 297ms.
2020-05-29 12:17:54,511 INFO  byps.BTransport 7000{1}:205 - send-2 Request=[IXServicePortIF.login([null:ixclient-2:2,en/AU],testupload,##RSA##fARSGBmZtUzkPayIAEiuBw4MIEfoU4M1OC7BM6UTbe3B1eZXUGwJN1QS/IMy9301zBi9z+0BvLAmNEUWCFR7RrjGYtJlhmSpVExyBbYHtdxHa2c0SbDEljk+da0WWBwJW44mmj27w8Lg0fBYnNHdvYgUV0GBhY4hbecvYEWdR2I=,local¶TDBD,null)]
2020-05-29 12:17:54,621 INFO  byps.BTransport 7110{1}:241 - send-2 [110] Response=[ci=[22EEF2B8D471B0EAB6E0C2A423D81476:ixclient-2:2,en/AU],tlf=486,user=[108,testupload]
2020-05-29 12:17:54,621 INFO  de.elo.ix.client.IXAuthentication 7110{1}:395 - Login result=[ci=[22EEF2B8D471B0EAB6E0C2A423D81476:ixclient-2:2,en/AU],tlf=486,user=[108,testupload]
2020-05-29 12:17:54,621 INFO  byps.BTransport 7110{1}:205 - send-3 Request=[IXServicePortIF.getServerInfo([22EEF2B8D471B0EAB6E0C2A423D81476:ixclient-1:3,en/AU])]
2020-05-29 12:17:54,667 INFO  byps.BTransport 7156{1}:241 - send-3 [46] Response=[ixid=ELO-WIN-B2R16M2MKQD-1,indexServers=#4[[arcName=GDOScanOnDemand,url=http://WIN-B2R16M2MKQD:9090/ix-GDOScanOnDemand/ix],[arcName=GraceEducation,url=http://WIN-B2R16M2MKQD:9090/ix-GraceEducation/ix],[arcName=ScratchPad,url=http://WIN-B2R16M2MKQD:9090/ix-ScratchPad/ix],[arcName=ScratchPadGeneral,url=http://WIN-B2R16M2MKQD:9090/ix-ScratchPadGeneral/ix]],license=[serno=Grace Digital Office,indexServer=true,limitedVersion=false,demoVersion=false,fultext=true,replication=false,backup=false,limitedIg=false,nbOfServerLicenses=50,sapALink=false,xmlImport=true,cold=true,httpServer=true,domea=false,signature=false,stack=false,nbOfFulltextLangs=3],version=11.01.000.1779,replProcessOnServerId=,databaseEngine=MSSQL]
2020-05-29 12:17:54,667 INFO  byps.BTransport 7156{1}:205 - send-4 Request=[IXServicePortIF.setSessionOptions([22EEF2B8D471B0EAB6E0C2A423D81476:ixclient-2:4,en/AU],#3[[clientApp.version=1.0],[clientApp.name=Migration],[clientApp.type=TDBD]])]
2020-05-29 12:17:54,714 INFO  byps.BTransport 7203{1}:241 - send-4 [47] Response=(void)
2020-05-29 12:17:54,714 INFO  de.elo.ix.client.IXAuthentication 7203{1}:167 - Set session options=#3[[clientApp.version=1.0],[clientApp.name=Migration],[clientApp.type=TDBD]], err=null
2020-05-29 12:17:54,714 INFO  byps.BTransport 7203{1}:205 - send-5 Request=[IXServicePortIF.getConstants([22EEF2B8D471B0EAB6E0C2A423D81476:ixclient-1:5,en/AU])]
2020-05-29 12:17:54,855 INFO  byps.BTransport 7344{1}:241 - send-5 [141] Response=de.elo.ix.client.IXServicePortC@5539d843
2020-05-29 12:17:54,855 INFO  com.elo.au.migration.main.App 7344{1}:209 - Project Name 1. 20200529_01388993
2020-05-29 12:17:54,855 INFO  com.elo.au.migration.main.App 7344{1}:209 - Indexfilepath H:\GDO Jobs\SOD\AccountName\Test DM\WO 01388993\INDEX.TXT
2020-05-29 12:17:54,886 INFO  com.elo.au.migration.main.App 7375{1}:209 - createStgTblQuery - CREATE TABLE "20200529_01388993_STAGING" ("DM_CODE1" VARCHAR (1024), "DM_CODE2" VARCHAR (1024), "DM_CODE3" VARCHAR (1024), "DM_WONUMBER" VARCHAR (1024), "DM_CARTONBARCODE" VARCHAR (1024), "DM_DATE" VARCHAR (1024), "DM_WHAT" VARCHAR (1024), "DM_WHERE" VARCHAR (1024), "DM_WHO" VARCHAR (1024), "DM_WHEN" VARCHAR (1024), "DM_DESC" VARCHAR (1024), "DOCUMENT_PATH" VARCHAR (1024), "KWFNAME" VARCHAR (1024), "ELOOBJID" VARCHAR (1024), "UPLOADTIME" VARCHAR (1024))
2020-05-29 12:17:54,886 INFO  com.elo.au.migration.main.App 7375{1}:209 - Create table result 0
2020-05-29 12:17:54,886 INFO  com.elo.au.migration.main.App 7375{1}:209 - Populating Staging Table - Started
2020-05-29 12:17:54,980 INFO  com.elo.au.migration.main.App 7469{1}:209 - Populating Staging Table - Finished
2020-05-29 12:17:54,980 INFO  com.elo.au.migration.main.App 7469{1}:209 - ELO Upload Started
2020-05-29 12:17:54,980 INFO  com.elo.au.migration.ix.IxFunctions 7469{1}:209 - uploadToElo - Start
2020-05-29 12:17:54,980 INFO  com.elo.au.migration.ix.IxFunctions 7469{1}:209 - Table select query SELECT DM_CODE1,DM_CODE2,DM_CODE3,DM_WONUMBER,DM_CARTONBARCODE,DM_DATE,DM_WHAT,DM_WHERE,DM_WHO,DM_WHEN,DM_DESC,DOCUMENT_PATH,KWFNAME,ELOOBJID,UPLOADTIME FROM "20200529_01388993_STAGING" WHERE ELOOBJID IS NULL
2020-05-29 12:17:54,996 INFO  byps.BTransport 7485{1}:205 - send-6 Request=[IXServicePortIF.createDoc([22EEF2B8D471B0EAB6E0C2A423D81476:main:6,en/AU],null,Digital Mailroom,null,[mbSordDocAtt])]
2020-05-29 12:17:55,042 INFO  byps.BTransport 7531{1}:241 - send-6 [46] Response=[[-1,],[[,]],null]
2020-05-29 12:17:55,042 INFO  byps.BTransport 7531{1}:205 - send-7 Request=[IXServicePortIF.checkinDocBegin([22EEF2B8D471B0EAB6E0C2A423D81476:main:7,en/AU],[,docs:#1[[0,1]]])]
2020-05-29 12:17:55,074 INFO  byps.BTransport 7563{1}:241 - send-7 [32] Response=[,docs:#1[[0,1]]]
2020-05-29 12:17:55,074 INFO  de.elo.ix.client.IXConnection 7563{1}:425 - Upload file=H:\GDO Jobs\SOD\AccountName\Test DM\WO 01388993\Test1.pdf
2020-05-29 12:17:55,074 INFO  de.elo.ix.client.IXConnection 7563{1}:452 - Begin upload url=http://WIN-B2R16M2MKQD:9090/ix-GDOScanOnDemand/ix?cmd=writedoc&id=0&docguid=(09FA0537-5871-CE3A-FDCA-F2CCE0EC9812)&path=1&owner=108&ext=YYYY700064006600&mode=&ticket=22EEF2B8D471B0EAB6E0C2A423D81476&encryptResult=true&_1=a3ae82238392c4c3&_2=4CDD8B22012504DBFF3F55373F1055D9, contentLength=148871
2020-05-29 12:17:55,089 INFO  byps.BTransport 7578{1}:205 - send-8 Request=[RawStreamService.upload([22EEF2B8D471B0EAB6E0C2A423D81476:main:8,en/AU],[#11=[cmd=writedoc,id=0,docguid=(09FA0537-5871-CE3A-FDCA-F2CCE0EC9812),...]],[null, #=148871,targetId=[0.0.0.]])]
2020-05-29 12:17:55,183 INFO  byps.BTransport 7672{1}:241 - send-8 [94] Response=##AES##gNGxy2xrHTT2NC2+R7yjjZL+qRZeWqtf974/rZgZltEQ0ZpIEx/PxG5eBZLqM2F9rgp3lRl+NiIVkSm6YuPZt/7swTnC6XFRZxdyc7LLh1XYNJIi7nTGE6CDf5+Hozh4SBXSIJ3blcv6b+MC9NVVCBnukEfQ47f9+brughPv5aEEF5Ti76KLnIs1CrtsQRTxh+/PCxdui+YLRWsEPfLdvuQL8X2ztPIAFQ/BddSdeHTWP54sWHF2Hkj9uvmQpYND88XC+b69CX5GfV1fdrfSa3luvucg9xtrMh2gLsLqtGaouY1TZf4AXHZ/5bnOYLyun5pyBcRlm3B5WwfE0pBv/wfDnxRq4Y8qivKYsGRrRLYPkMzEJjB6ta57s5k5euwMdcMRCdr6vrxS3yPBWvrWO/goHe5HASaiKpOvOIo112Wx2Y2YbS1lzp8AyiLMzp94xn4qbR/8dctV3oKR3i3ahMTYPeHQiPh0bJNfRcLKQuIRuuEX+ufJc6Q08VVNJC2pNSu5aVEpgoAChU9UXcuVp0H3neOJqo7VupRCw1m+I97iJyyGtxHvf3susS1PzWOEisxJzKYvla1ykmFZMiJfqGKe2LWzWCesLLVYOHRbudsP73RHb9GxLpg5RX/a550i1TInQCUIG/rUf5mYaM2cdOik6l06sEfy+al1k+q+Ey4Jbc88/Ihf7gJxcbFym8Ta82mSVFiChXTflM5ZcSTa5COHs5M/cuxAYCzXW9rs1M7cDaC1sTFCIrxBwdMdnd/ujxBRFnz6SkqQ716RIwLc8ydCDOUfA+/xiIVqTsIYImo=
2020-05-29 12:17:55,183 INFO  de.elo.ix.client.IXConnection 7672{1}:465 - End upload url=http://WIN-B2R16M2MKQD:9090/ix-GDOScanOnDemand/ix?cmd=writedoc&id=0&docguid=(09FA0537-5871-CE3A-FDCA-F2CCE0EC9812)&path=1&owner=108&ext=YYYY700064006600&mode=&ticket=22EEF2B8D471B0EAB6E0C2A423D81476&encryptResult=true&_1=a3ae82238392c4c3&_2=4CDD8B22012504DBFF3F55373F1055D9, contentLength=148871
2020-05-29 12:17:55,183 INFO  byps.BTransport 7672{1}:205 - send-9 Request=[IXServicePortIF.checkinDocEnd([22EEF2B8D471B0EAB6E0C2A423D81476:main:9,en/AU],[-1,Test1.pdf],[mbAll],[,docs:#1[[0,1]]],LOCK.NO)]
2020-05-29 12:17:55,308 INFO  byps.BTransport 7797{1}:256 - send-9 [125] Response=[TICKET:22EEF2B8D471B0EA][ELOIX:1000]Database error.[DETAILS:java.sql.SQLException: com.microsoft.sqlserver.jdbc.SQLServerException: Could not allocate space for object 'dbo.relation'.'ixparents' in database 'GDOScanOnDemand' because the 'PRIMARY' filegroup is full. Create disk space by deleting unneeded files, dropping objects in the filegroup, adding additional files to the filegroup, or setting autogrowth on for existing files in the filegroup. DB[7501] Command="pstmt.executeUpdate()"]
2020-05-29 12:17:55,308 ERROR com.elo.au.migration.ix.IxFunctions 7797{1}:217 - Error in uploadDoc [TICKET:22EEF2B8D471B0EA][ELOIX:1000]Database error.[DETAILS:java.sql.SQLException: com.microsoft.sqlserver.jdbc.SQLServerException: Could not allocate space for object 'dbo.relation'.'ixparents' in database 'GDOScanOnDemand' because the 'PRIMARY' filegroup is full. Create disk space by deleting unneeded files, dropping objects in the filegroup, adding additional files to the filegroup, or setting autogrowth on for existing files in the filegroup. DB[7501] Command="pstmt.executeUpdate()"]
2020-05-29 12:17:55,308 ERROR com.elo.au.migration.ix.IxFunctions 7797{1}:217 - H:\GDO Jobs\SOD\AccountName\Test DM\WO 01388993\Test1.pdf Upload failed - Skipping this document
2020-05-29 12:17:55,308 INFO  byps.BTransport 7797{1}:205 - send-10 Request=[IXServicePortIF.createDoc([22EEF2B8D471B0EAB6E0C2A423D81476:main:10,en/AU],null,Digital Mailroom,null,[mbSordDocAtt])]
2020-05-29 12:17:55,339 INFO  byps.BTransport 7828{1}:241 - send-10 [31] Response=[[-1,],[[,]],null]
2020-05-29 12:17:55,339 INFO  byps.BTransport 7828{1}:205 - send-11 Request=[IXServicePortIF.checkinDocBegin([22EEF2B8D471B0EAB6E0C2A423D81476:main:11,en/AU],[,docs:#1[[0,1]]])]
2020-05-29 12:17:55,371 INFO  byps.BTransport 7860{1}:241 - send-11 [32] Response=[,docs:#1[[0,1]]]
2020-05-29 12:17:55,371 INFO  de.elo.ix.client.IXConnection 7860{1}:425 - Upload file=H:\GDO Jobs\SOD\AccountName\Test DM\WO 01388993\Test2.pdf
2020-05-29 12:17:55,371 INFO  de.elo.ix.client.IXConnection 7860{1}:452 - Begin upload url=http://WIN-B2R16M2MKQD:9090/ix-GDOScanOnDemand/ix?cmd=writedoc&id=0&docguid=(2E78EFCB-34B0-C846-B405-24D4F09341FC)&path=1&owner=108&ext=YYYY700064006600&mode=&ticket=22EEF2B8D471B0EAB6E0C2A423D81476&encryptResult=true&_1=7c32ac19fc34634e&_2=B8C77685FC78169E27D8E3C60A0EE415, contentLength=148871
2020-05-29 12:17:55,371 INFO  byps.BTransport 7860{1}:205 - send-12 Request=[RawStreamService.upload([22EEF2B8D471B0EAB6E0C2A423D81476:main:12,en/AU],[#11=[cmd=writedoc,id=0,docguid=(2E78EFCB-34B0-C846-B405-24D4F09341FC),...]],[null, #=148871,targetId=[0.0.0.]])]
2020-05-29 12:17:55,449 INFO  byps.BTransport 7938{1}:241 - send-12 [78] Response=##AES##gNGxy2xrHTT2NC2+R7yjjZL+qRZeWqtf974/rZgZltEQ0ZpIEx/PxG5eBZLqM2F9S2AvON0cH+yC6QMDGdhNNyvKrOb/j28eiP4UXunDT8ez5kKmG/tAIJP3/As25UXSdHsD7YOhwx8Ijjt9KoOtrBnukEfQ47f9+brughPv5aEEF5Ti76KLnIs1CrtsQRTxh+/PCxdui+YLRWsEPfLdvuQL8X2ztPIAFQ/BddSdeHTWP54sWHF2Hkj9uvmQpYNDDEUOQh7vlDyr9PaDnrRdQnluvucg9xtrMh2gLsLqtGaouY1TZf4AXHZ/5bnOYLyun5pyBcRlm3B5WwfE0pBv/wfDnxRq4Y8qivKYsGRrRLYPkMzEJjB6ta57s5k5euwMdcMRCdr6vrxS3yPBWvrWO/goHe5HASaiKpOvOIo112Wx2Y2YbS1lzp8AyiLMzp94xn4qbR/8dctV3oKR3i3ahMTYPeHQiPh0bJNfRcLKQuIRuuEX+ufJc6Q08VVNJC2pNSu5aVEpgoAChU9UXcuVp0H3neOJqo7VupRCw1m+I97iJyyGtxHvf3susS1PzWOEisxJzKYvla1ykmFZMiJfqGKe2LWzWCesLLVYOHRbudsP73RHb9GxLpg5RX/a550i1TInQCUIG/rUf5mYaM2cdOik6l06sEfy+al1k+q+Ey4Jbc88/Ihf7gJxcbFym8Ta82mSVFiChXTflM5ZcSTa5COHs5M/cuxAYCzXW9rs1M7cDaC1sTFCIrxBwdMdnd/ujxBRFnz6SkqQ716RIwLc8ydCDOUfA+/xiIVqTsIYImo=
2020-05-29 12:17:55,449 INFO  de.elo.ix.client.IXConnection 7938{1}:465 - End upload url=http://WIN-B2R16M2MKQD:9090/ix-GDOScanOnDemand/ix?cmd=writedoc&id=0&docguid=(2E78EFCB-34B0-C846-B405-24D4F09341FC)&path=1&owner=108&ext=YYYY700064006600&mode=&ticket=22EEF2B8D471B0EAB6E0C2A423D81476&encryptResult=true&_1=7c32ac19fc34634e&_2=B8C77685FC78169E27D8E3C60A0EE415, contentLength=148871
2020-05-29 12:17:55,449 INFO  byps.BTransport 7938{1}:205 - send-13 Request=[IXServicePortIF.checkinDocEnd([22EEF2B8D471B0EAB6E0C2A423D81476:main:13,en/AU],[-1,Test2.pdf],[mbAll],[,docs:#1[[0,1]]],LOCK.NO)]
2020-05-29 12:17:55,511 INFO  byps.BTransport 8000{1}:256 - send-13 [62] Response=[TICKET:22EEF2B8D471B0EA][ELOIX:1000]Database error.[DETAILS:java.sql.SQLException: com.microsoft.sqlserver.jdbc.SQLServerException: Could not allocate space for object 'dbo.relation'.'ixparents' in database 'GDOScanOnDemand' because the 'PRIMARY' filegroup is full. Create disk space by deleting unneeded files, dropping objects in the filegroup, adding additional files to the filegroup, or setting autogrowth on for existing files in the filegroup. DB[7501] Command="pstmt.executeUpdate()"]
2020-05-29 12:17:55,527 ERROR com.elo.au.migration.ix.IxFunctions 8016{1}:217 - Error in uploadDoc [TICKET:22EEF2B8D471B0EA][ELOIX:1000]Database error.[DETAILS:java.sql.SQLException: com.microsoft.sqlserver.jdbc.SQLServerException: Could not allocate space for object 'dbo.relation'.'ixparents' in database 'GDOScanOnDemand' because the 'PRIMARY' filegroup is full. Create disk space by deleting unneeded files, dropping objects in the filegroup, adding additional files to the filegroup, or setting autogrowth on for existing files in the filegroup. DB[7501] Command="pstmt.executeUpdate()"]
2020-05-29 12:17:55,527 ERROR com.elo.au.migration.ix.IxFunctions 8016{1}:217 - H:\GDO Jobs\SOD\AccountName\Test DM\WO 01388993\Test2.pdf Upload failed - Skipping this document
2020-05-29 12:17:55,527 INFO  byps.BTransport 8016{1}:205 - send-14 Request=[IXServicePortIF.createDoc([22EEF2B8D471B0EAB6E0C2A423D81476:main:14,en/AU],null,Digital Mailroom,null,[mbSordDocAtt])]
2020-05-29 12:17:55,652 INFO  byps.BTransport 8141{1}:241 - send-14 [125] Response=[[-1,],[[,]],null]
2020-05-29 12:17:55,652 INFO  byps.BTransport 8141{1}:205 - send-15 Request=[IXServicePortIF.checkinDocBegin([22EEF2B8D471B0EAB6E0C2A423D81476:main:15,en/AU],[,docs:#1[[0,1]]])]
2020-05-29 12:17:55,667 INFO  byps.BTransport 8156{1}:241 - send-15 [15] Response=[,docs:#1[[0,1]]]
2020-05-29 12:17:55,667 INFO  de.elo.ix.client.IXConnection 8156{1}:425 - Upload file=H:\GDO Jobs\SOD\AccountName\Test DM\WO 01388993\Test3.pdf
2020-05-29 12:17:55,683 INFO  de.elo.ix.client.IXConnection 8172{1}:452 - Begin upload url=http://WIN-B2R16M2MKQD:9090/ix-GDOScanOnDemand/ix?cmd=writedoc&id=0&docguid=(3DE8BABB-9496-28D7-51F7-A556D2CBC850)&path=1&owner=108&ext=YYYY700064006600&mode=&ticket=22EEF2B8D471B0EAB6E0C2A423D81476&encryptResult=true&_1=7301d90de02d5752&_2=A57842B7F72D549445EFB4A783FC9029, contentLength=148871
2020-05-29 12:17:55,683 INFO  byps.BTransport 8172{1}:205 - send-16 Request=[RawStreamService.upload([22EEF2B8D471B0EAB6E0C2A423D81476:main:16,en/AU],[#11=[cmd=writedoc,id=0,docguid=(3DE8BABB-9496-28D7-51F7-A556D2CBC850),...]],[null, #=148871,targetId=[0.0.0.]])]
2020-05-29 12:17:55,761 INFO  byps.BTransport 8250{1}:241 - send-16 [78] Response=##AES##gNGxy2xrHTT2NC2+R7yjjZL+qRZeWqtf974/rZgZltEQ0ZpIEx/PxG5eBZLqM2F93JlPU22/zuMdgbccm3l5NGc1OPJxtjj/GceAxoBiDKqfqt6uDq2+tGrYE+6VWTozGTj8Lwk+njwtygL0j6q3YhnukEfQ47f9+brughPv5aEEF5Ti76KLnIs1CrtsQRTxh+/PCxdui+YLRWsEPfLdvuQL8X2ztPIAFQ/BddSdeHTWP54sWHF2Hkj9uvmQpYNDGEi0049YyIrZwRaed+/W9Xluvucg9xtrMh2gLsLqtGaouY1TZf4AXHZ/5bnOYLyun5pyBcRlm3B5WwfE0pBv/wfDnxRq4Y8qivKYsGRrRLYPkMzEJjB6ta57s5k5euwMdcMRCdr6vrxS3yPBWvrWO/goHe5HASaiKpOvOIo112Wx2Y2YbS1lzp8AyiLMzp94xn4qbR/8dctV3oKR3i3ahMTYPeHQiPh0bJNfRcLKQuIRuuEX+ufJc6Q08VVNJC2pNSu5aVEpgoAChU9UXcuVpwk07yAs0mp+EBLU6FPjnD5gZKc8Yoloh5y4yXFcJ4HcisxJzKYvla1ykmFZMiJfqDWLrJLeJVqGZ/3hSq1MbREP73RHb9GxLpg5RX/a550i1TInQCUIG/rUf5mYaM2cdOik6l06sEfy+al1k+q+Ey4Jbc88/Ihf7gJxcbFym8Ta82mSVFiChXTflM5ZcSTa5COHs5M/cuxAYCzXW9rs1M7cDaC1sTFCIrxBwdMdnd/ujxBRFnz6SkqQ716RIwLc8ydCDOUfA+/xiIVqTsIYImo=
2020-05-29 12:17:55,761 INFO  de.elo.ix.client.IXConnection 8250{1}:465 - End upload url=http://WIN-B2R16M2MKQD:9090/ix-GDOScanOnDemand/ix?cmd=writedoc&id=0&docguid=(3DE8BABB-9496-28D7-51F7-A556D2CBC850)&path=1&owner=108&ext=YYYY700064006600&mode=&ticket=22EEF2B8D471B0EAB6E0C2A423D81476&encryptResult=true&_1=7301d90de02d5752&_2=A57842B7F72D549445EFB4A783FC9029, contentLength=148871
2020-05-29 12:17:55,761 INFO  byps.BTransport 8250{1}:205 - send-17 Request=[IXServicePortIF.checkinDocEnd([22EEF2B8D471B0EAB6E0C2A423D81476:main:17,en/AU],[-1,Test3.pdf],[mbAll],[,docs:#1[[0,1]]],LOCK.NO)]
2020-05-29 12:17:55,824 INFO  byps.BTransport 8313{1}:256 - send-17 [63] Response=[TICKET:22EEF2B8D471B0EA][ELOIX:1000]Database error.[DETAILS:java.sql.SQLException: com.microsoft.sqlserver.jdbc.SQLServerException: Could not allocate space for object 'dbo.relation'.'ixparents' in database 'GDOScanOnDemand' because the 'PRIMARY' filegroup is full. Create disk space by deleting unneeded files, dropping objects in the filegroup, adding additional files to the filegroup, or setting autogrowth on for existing files in the filegroup. DB[7501] Command="pstmt.executeUpdate()"]
2020-05-29 12:17:55,824 ERROR com.elo.au.migration.ix.IxFunctions 8313{1}:217 - Error in uploadDoc [TICKET:22EEF2B8D471B0EA][ELOIX:1000]Database error.[DETAILS:java.sql.SQLException: com.microsoft.sqlserver.jdbc.SQLServerException: Could not allocate space for object 'dbo.relation'.'ixparents' in database 'GDOScanOnDemand' because the 'PRIMARY' filegroup is full. Create disk space by deleting unneeded files, dropping objects in the filegroup, adding additional files to the filegroup, or setting autogrowth on for existing files in the filegroup. DB[7501] Command="pstmt.executeUpdate()"]
2020-05-29 12:17:55,824 ERROR com.elo.au.migration.ix.IxFunctions 8313{1}:217 - H:\GDO Jobs\SOD\AccountName\Test DM\WO 01388993\Test3.pdf Upload failed - Skipping this document
2020-05-29 12:17:55,824 INFO  byps.BTransport 8313{1}:205 - send-18 Request=[IXServicePortIF.createDoc([22EEF2B8D471B0EAB6E0C2A423D81476:main:18,en/AU],null,Digital Mailroom,null,[mbSordDocAtt])]
2020-05-29 12:17:55,855 INFO  byps.BTransport 8344{1}:241 - send-18 [16] Response=[[-1,],[[,]],null]
2020-05-29 12:17:55,855 INFO  byps.BTransport 8344{1}:205 - send-19 Request=[IXServicePortIF.checkinDocBegin([22EEF2B8D471B0EAB6E0C2A423D81476:main:19,en/AU],[,docs:#1[[0,1]]])]
2020-05-29 12:17:55,886 INFO  byps.BTransport 8375{1}:241 - send-19 [31] Response=[,docs:#1[[0,1]]]
2020-05-29 12:17:55,886 INFO  de.elo.ix.client.IXConnection 8375{1}:425 - Upload file=H:\GDO Jobs\SOD\AccountName\Test DM\WO 01388993\Test4.pdf
2020-05-29 12:17:55,886 INFO  de.elo.ix.client.IXConnection 8375{1}:452 - Begin upload url=http://WIN-B2R16M2MKQD:9090/ix-GDOScanOnDemand/ix?cmd=writedoc&id=0&docguid=(AA593ACF-747D-F699-43BA-0C3414F15059)&path=1&owner=108&ext=YYYY700064006600&mode=&ticket=22EEF2B8D471B0EAB6E0C2A423D81476&encryptResult=true&_1=75e768761bd63f1d&_2=B57EAB4473DA4560955E86E3D1966641, contentLength=148871
2020-05-29 12:17:55,886 INFO  byps.BTransport 8375{1}:205 - send-20 Request=[RawStreamService.upload([22EEF2B8D471B0EAB6E0C2A423D81476:main:20,en/AU],[#11=[cmd=writedoc,id=0,docguid=(AA593ACF-747D-F699-43BA-0C3414F15059),...]],[null, #=148871,targetId=[0.0.0.]])]
2020-05-29 12:17:55,996 INFO  byps.BTransport 8485{1}:241 - send-20 [110] Response=##AES##gNGxy2xrHTT2NC2+R7yjjZL+qRZeWqtf974/rZgZltEQ0ZpIEx/PxG5eBZLqM2F9Dh3ryPsykki+8V3Mixphx4k7J2rkshb3PuNmtDnZQcdSYMvYQ8YYbco3FmejruX4qufwuftbSxG/9XdshK3uLBnukEfQ47f9+brughPv5aEEF5Ti76KLnIs1CrtsQRTxh+/PCxdui+YLRWsEPfLdvuQL8X2ztPIAFQ/BddSdeHTWP54sWHF2Hkj9uvmQpYNDTurH5hC0HWzBdENM+sc0mnluvucg9xtrMh2gLsLqtGaouY1TZf4AXHZ/5bnOYLyun5pyBcRlm3B5WwfE0pBv/wfDnxRq4Y8qivKYsGRrRLYPkMzEJjB6ta57s5k5euwMdcMRCdr6vrxS3yPBWvrWO/goHe5HASaiKpOvOIo112Wx2Y2YbS1lzp8AyiLMzp94xn4qbR/8dctV3oKR3i3ahMTYPeHQiPh0bJNfRcLKQuIRuuEX+ufJc6Q08VVNJC2pNSu5aVEpgoAChU9UXcuVpwk07yAs0mp+EBLU6FPjnD5gZKc8Yoloh5y4yXFcJ4HcisxJzKYvla1ykmFZMiJfqDWLrJLeJVqGZ/3hSq1MbREP73RHb9GxLpg5RX/a550i1TInQCUIG/rUf5mYaM2cdOik6l06sEfy+al1k+q+Ey4Jbc88/Ihf7gJxcbFym8Ta82mSVFiChXTflM5ZcSTa5COHs5M/cuxAYCzXW9rs1M7cDaC1sTFCIrxBwdMdnd/ujxBRFnz6SkqQ716RIwLc8ydCDOUfA+/xiIVqTsIYImo=
2020-05-29 12:17:55,996 INFO  de.elo.ix.client.IXConnection 8485{1}:465 - End upload url=http://WIN-B2R16M2MKQD:9090/ix-GDOScanOnDemand/ix?cmd=writedoc&id=0&docguid=(AA593ACF-747D-F699-43BA-0C3414F15059)&path=1&owner=108&ext=YYYY700064006600&mode=&ticket=22EEF2B8D471B0EAB6E0C2A423D81476&encryptResult=true&_1=75e768761bd63f1d&_2=B57EAB4473DA4560955E86E3D1966641, contentLength=148871
2020-05-29 12:17:55,996 INFO  byps.BTransport 8485{1}:205 - send-21 Request=[IXServicePortIF.checkinDocEnd([22EEF2B8D471B0EAB6E0C2A423D81476:main:21,en/AU],[-1,Test4.pdf],[mbAll],[,docs:#1[[0,1]]],LOCK.NO)]
2020-05-29 12:17:56,058 INFO  byps.BTransport 8547{1}:256 - send-21 [62] Response=[TICKET:22EEF2B8D471B0EA][ELOIX:1000]Database error.[DETAILS:java.sql.SQLException: com.microsoft.sqlserver.jdbc.SQLServerException: Could not allocate space for object 'dbo.relation'.'ixparents' in database 'GDOScanOnDemand' because the 'PRIMARY' filegroup is full. Create disk space by deleting unneeded files, dropping objects in the filegroup, adding additional files to the filegroup, or setting autogrowth on for existing files in the filegroup. DB[7501] Command="pstmt.executeUpdate()"]
2020-05-29 12:17:56,074 ERROR com.elo.au.migration.ix.IxFunctions 8563{1}:217 - Error in uploadDoc [TICKET:22EEF2B8D471B0EA][ELOIX:1000]Database error.[DETAILS:java.sql.SQLException: com.microsoft.sqlserver.jdbc.SQLServerException: Could not allocate space for object 'dbo.relation'.'ixparents' in database 'GDOScanOnDemand' because the 'PRIMARY' filegroup is full. Create disk space by deleting unneeded files, dropping objects in the filegroup, adding additional files to the filegroup, or setting autogrowth on for existing files in the filegroup. DB[7501] Command="pstmt.executeUpdate()"]
2020-05-29 12:17:56,074 ERROR com.elo.au.migration.ix.IxFunctions 8563{1}:217 - H:\GDO Jobs\SOD\AccountName\Test DM\WO 01388993\Test4.pdf Upload failed - Skipping this document
2020-05-29 12:17:56,089 INFO  com.elo.au.migration.ix.IxFunctions 8578{1}:209 - uploadToElo - End
2020-05-29 12:17:56,089 INFO  com.elo.au.migration.main.App 8578{1}:209 - ELO Upload Finished
2020-05-29 12:17:56,089 INFO  byps.BTransport 8578{1}:205 - send-22 Request=[IXServicePortIF.logout([22EEF2B8D471B0EAB6E0C2A423D81476:ix-logout:22,en/AU])]
2020-05-29 12:17:56,121 INFO  byps.BTransport 8610{1}:241 - send-22 [32] Response=(void)
2020-05-29 12:17:56,121 INFO  byps.BTransport 8610{1}:205 - send-1 Request=[BUtilityRequests.cancelMessage(-2)]
2020-05-29 12:17:56,183 INFO  byps.BTransport 8672{1}:205 - send-2 Request=[BUtilityRequests.cancelMessage(-2)]
2020-05-29 12:17:56,214 INFO  byps.BTransport 8703{1}:241 - send-2 [31] Response=(void)
2020-05-29 12:17:56,214 INFO  com.elo.au.migration.main.App 8703{1}:209 - Execute Finished
2020-05-29 12:26:11,796 INFO  com.elo.au.migration.main.App 0{1}:209 - Execute Start
2020-05-29 12:26:11,796 INFO  com.elo.au.migration.main.App 0{1}:209 - migrationjson file path D:\GDO Scripts\BulkUpload\GDOAutomatedUpload\json\digital_elomigration.json
2020-05-29 12:26:11,827 INFO  com.elo.au.migration.main.App 31{1}:209 - CSV Splitter defined is \|
2020-05-29 12:26:11,827 INFO  com.elo.au.migration.main.App 31{1}:209 - No of projects 1
2020-05-29 12:26:19,264 INFO  de.elo.ix.client.IXAuthentication 7468{1}:75 - Authenticate [BClient_Indexserver, transport=[[750812725.2383471920861662299.-2879551407915011020.], wire=[url=https://demo.gracedigitaloffice.com.au/ix-GDOScanOnDemand/byps, #openreq=1, done=false]]]
2020-05-29 12:26:19,264 INFO  byps.BTransport 7468{1}:205 - send-1 Request=[IXServicePortIF.login([null:ixclient-1:1,en/AU],PUBLIC_ENCR_KEY,null,null,null)]
2020-05-29 12:26:19,311 INFO  byps.BTransport 7515{1}:241 - send-1 [47] Response=[ci=[AIarAzGEPLfKMoqsLRsDz5rdhF+sdptHF936QIeSHfABt8MaV8Ex5l78+KEQyHON19hD33JpD437saIP2MMhGkBcg86NKrlduiCZU1X0LyBbidM7exn+dWpAbxfjE+3rDWVjYaLEyrZFxzMyUMn7JkibZ/ZOH8502T1P6+U+4hhb AQAB:ixclient-1:1,en/AU],tlf=0,user=null
2020-05-29 12:26:19,311 INFO  de.elo.ix.client.IXAuthentication 7515{1}:320 - Initialized public RSA key in 0ms.
2020-05-29 12:26:19,624 INFO  de.elo.ix.client.IXAuthentication 7828{1}:340 - Encrypt password, 313ms.
2020-05-29 12:26:19,624 INFO  byps.BTransport 7828{1}:205 - send-2 Request=[IXServicePortIF.login([null:ixclient-2:2,en/AU],testupload,##RSA##BvQEVZh9OY9BX4f8KuFa2FapML1a+vxHDqM8lwNtzMtcc4mpO67mXXt1cUK0LWJt8rDHeObpoMyRSS1/DRBjNoQ332zs+ahlKo+j21SJrABg9/iWs3ICUgOWTCV8/Ubb18ffemeCjJ4PkMKFzMImOlNR503xZIGe3ORGvID7aQo=,local¶TDBD,null)]
2020-05-29 12:26:19,718 INFO  byps.BTransport 7922{1}:241 - send-2 [94] Response=[ci=[2700DA8FC461A19138CEB3BBE05D5C90:ixclient-2:2,en/AU],tlf=486,user=[108,testupload]
2020-05-29 12:26:19,718 INFO  de.elo.ix.client.IXAuthentication 7922{1}:395 - Login result=[ci=[2700DA8FC461A19138CEB3BBE05D5C90:ixclient-2:2,en/AU],tlf=486,user=[108,testupload]
2020-05-29 12:26:19,718 INFO  byps.BTransport 7922{1}:205 - send-3 Request=[IXServicePortIF.getServerInfo([2700DA8FC461A19138CEB3BBE05D5C90:ixclient-1:3,en/AU])]
2020-05-29 12:26:19,749 INFO  byps.BTransport 7953{1}:241 - send-3 [31] Response=[ixid=ELO-WIN-B2R16M2MKQD-1,indexServers=#4[[arcName=GDOScanOnDemand,url=http://WIN-B2R16M2MKQD:9090/ix-GDOScanOnDemand/ix],[arcName=GraceEducation,url=http://WIN-B2R16M2MKQD:9090/ix-GraceEducation/ix],[arcName=ScratchPad,url=http://WIN-B2R16M2MKQD:9090/ix-ScratchPad/ix],[arcName=ScratchPadGeneral,url=http://WIN-B2R16M2MKQD:9090/ix-ScratchPadGeneral/ix]],license=[serno=Grace Digital Office,indexServer=true,limitedVersion=false,demoVersion=false,fultext=true,replication=false,backup=false,limitedIg=false,nbOfServerLicenses=50,sapALink=false,xmlImport=true,cold=true,httpServer=true,domea=false,signature=false,stack=false,nbOfFulltextLangs=3],version=11.01.000.1779,replProcessOnServerId=,databaseEngine=MSSQL]
2020-05-29 12:26:19,749 INFO  byps.BTransport 7953{1}:205 - send-4 Request=[IXServicePortIF.setSessionOptions([2700DA8FC461A19138CEB3BBE05D5C90:ixclient-2:4,en/AU],#3[[clientApp.version=1.0],[clientApp.name=Migration],[clientApp.type=TDBD]])]
2020-05-29 12:26:19,780 INFO  byps.BTransport 7984{1}:241 - send-4 [31] Response=(void)
2020-05-29 12:26:19,780 INFO  de.elo.ix.client.IXAuthentication 7984{1}:167 - Set session options=#3[[clientApp.version=1.0],[clientApp.name=Migration],[clientApp.type=TDBD]], err=null
2020-05-29 12:26:19,780 INFO  byps.BTransport 7984{1}:205 - send-5 Request=[IXServicePortIF.getConstants([2700DA8FC461A19138CEB3BBE05D5C90:ixclient-1:5,en/AU])]
2020-05-29 12:26:19,921 INFO  byps.BTransport 8125{1}:241 - send-5 [141] Response=de.elo.ix.client.IXServicePortC@63417560
2020-05-29 12:26:19,921 INFO  com.elo.au.migration.main.App 8125{1}:209 - Project Name 1. 20200529_01388993
2020-05-29 12:26:19,921 INFO  com.elo.au.migration.main.App 8125{1}:209 - Indexfilepath H:\GDO Jobs\SOD\AccountName\Test DM\WO 01388993\INDEX.TXT
2020-05-29 12:26:19,936 INFO  com.elo.au.migration.main.App 8140{1}:209 - createStgTblQuery - CREATE TABLE "20200529_01388993_STAGING" ("DM_CODE1" VARCHAR (1024), "DM_CODE2" VARCHAR (1024), "DM_CODE3" VARCHAR (1024), "DM_WONUMBER" VARCHAR (1024), "DM_CARTONBARCODE" VARCHAR (1024), "DM_DATE" VARCHAR (1024), "DM_WHAT" VARCHAR (1024), "DM_WHERE" VARCHAR (1024), "DM_WHO" VARCHAR (1024), "DM_WHEN" VARCHAR (1024), "DM_DESC" VARCHAR (1024), "DOCUMENT_PATH" VARCHAR (1024), "KWFNAME" VARCHAR (1024), "ELOOBJID" VARCHAR (1024), "UPLOADTIME" VARCHAR (1024))
2020-05-29 12:26:19,952 ERROR com.elo.au.migration.util.QueryHelper 8156{1}:217 - Error in createTable com.microsoft.sqlserver.jdbc.SQLServerException: There is already an object named '20200529_01388993_STAGING' in the database.
2020-05-29 12:26:19,952 INFO  com.elo.au.migration.main.App 8156{1}:209 - Create table result -1
2020-05-29 12:26:19,952 INFO  com.elo.au.migration.main.App 8156{1}:209 - Unable to create staging table
2020-05-29 12:26:19,952 INFO  com.elo.au.migration.main.App 8156{1}:209 - Execute Finished
2020-05-29 12:27:18,795 INFO  com.elo.au.migration.main.App 0{1}:209 - Execute Start
2020-05-29 12:27:18,795 INFO  com.elo.au.migration.main.App 0{1}:209 - migrationjson file path D:\GDO Scripts\BulkUpload\GDOAutomatedUpload\json\digital_elomigration.json
2020-05-29 12:27:18,811 INFO  com.elo.au.migration.main.App 16{1}:209 - CSV Splitter defined is \|
2020-05-29 12:27:18,811 INFO  com.elo.au.migration.main.App 16{1}:209 - No of projects 1
2020-05-29 12:27:26,014 INFO  de.elo.ix.client.IXAuthentication 7219{1}:75 - Authenticate [BClient_Indexserver, transport=[[750812725.2304385002944535633.-782970349465907511.], wire=[url=https://demo.gracedigitaloffice.com.au/ix-GDOScanOnDemand/byps, #openreq=1, done=false]]]
2020-05-29 12:27:26,014 INFO  byps.BTransport 7219{1}:205 - send-1 Request=[IXServicePortIF.login([null:ixclient-1:1,en/AU],PUBLIC_ENCR_KEY,null,null,null)]
2020-05-29 12:27:26,076 INFO  byps.BTransport 7281{1}:241 - send-1 [62] Response=[ci=[AIarAzGEPLfKMoqsLRsDz5rdhF+sdptHF936QIeSHfABt8MaV8Ex5l78+KEQyHON19hD33JpD437saIP2MMhGkBcg86NKrlduiCZU1X0LyBbidM7exn+dWpAbxfjE+3rDWVjYaLEyrZFxzMyUMn7JkibZ/ZOH8502T1P6+U+4hhb AQAB:ixclient-1:1,en/AU],tlf=0,user=null
2020-05-29 12:27:26,076 INFO  de.elo.ix.client.IXAuthentication 7281{1}:320 - Initialized public RSA key in 0ms.
2020-05-29 12:27:26,389 INFO  de.elo.ix.client.IXAuthentication 7594{1}:340 - Encrypt password, 313ms.
2020-05-29 12:27:26,389 INFO  byps.BTransport 7594{1}:205 - send-2 Request=[IXServicePortIF.login([null:ixclient-2:2,en/AU],testupload,##RSA##P+EKAu7DxPYSEoDYvlO6IheGTI/B3ZQgarUOBUvoLCgNJkYwuzeP7MzGRMXgvEXU7SqiZSF471tKHUrVgg84Y6FDAAKb/yC5jYpqk5r8heXg/bJOGmFN07l21Yt123CCqj065tmP3w42sv0a1QFAI1AeSO4y3wAw0FlwW6w393c=,local¶TDBD,null)]
2020-05-29 12:27:26,467 INFO  byps.BTransport 7672{1}:241 - send-2 [78] Response=[ci=[B5DC50A7632512FDCEE614ED20511E0F:ixclient-2:2,en/AU],tlf=486,user=[108,testupload]
2020-05-29 12:27:26,467 INFO  de.elo.ix.client.IXAuthentication 7672{1}:395 - Login result=[ci=[B5DC50A7632512FDCEE614ED20511E0F:ixclient-2:2,en/AU],tlf=486,user=[108,testupload]
2020-05-29 12:27:26,467 INFO  byps.BTransport 7672{1}:205 - send-3 Request=[IXServicePortIF.getServerInfo([B5DC50A7632512FDCEE614ED20511E0F:ixclient-1:3,en/AU])]
2020-05-29 12:27:26,498 INFO  byps.BTransport 7703{1}:241 - send-3 [31] Response=[ixid=ELO-WIN-B2R16M2MKQD-1,indexServers=#4[[arcName=GDOScanOnDemand,url=http://WIN-B2R16M2MKQD:9090/ix-GDOScanOnDemand/ix],[arcName=GraceEducation,url=http://WIN-B2R16M2MKQD:9090/ix-GraceEducation/ix],[arcName=ScratchPad,url=http://WIN-B2R16M2MKQD:9090/ix-ScratchPad/ix],[arcName=ScratchPadGeneral,url=http://WIN-B2R16M2MKQD:9090/ix-ScratchPadGeneral/ix]],license=[serno=Grace Digital Office,indexServer=true,limitedVersion=false,demoVersion=false,fultext=true,replication=false,backup=false,limitedIg=false,nbOfServerLicenses=50,sapALink=false,xmlImport=true,cold=true,httpServer=true,domea=false,signature=false,stack=false,nbOfFulltextLangs=3],version=11.01.000.1779,replProcessOnServerId=,databaseEngine=MSSQL]
2020-05-29 12:27:26,514 INFO  byps.BTransport 7719{1}:205 - send-4 Request=[IXServicePortIF.setSessionOptions([B5DC50A7632512FDCEE614ED20511E0F:ixclient-2:4,en/AU],#3[[clientApp.version=1.0],[clientApp.name=Migration],[clientApp.type=TDBD]])]
2020-05-29 12:27:26,530 INFO  byps.BTransport 7735{1}:241 - send-4 [16] Response=(void)
2020-05-29 12:27:26,530 INFO  de.elo.ix.client.IXAuthentication 7735{1}:167 - Set session options=#3[[clientApp.version=1.0],[clientApp.name=Migration],[clientApp.type=TDBD]], err=null
2020-05-29 12:27:26,545 INFO  byps.BTransport 7750{1}:205 - send-5 Request=[IXServicePortIF.getConstants([B5DC50A7632512FDCEE614ED20511E0F:ixclient-1:5,en/AU])]
2020-05-29 12:27:26,733 INFO  byps.BTransport 7938{1}:241 - send-5 [188] Response=de.elo.ix.client.IXServicePortC@5e90e19
2020-05-29 12:27:26,748 INFO  com.elo.au.migration.main.App 7953{1}:209 - Project Name 1. 20200529_01388993
2020-05-29 12:27:26,748 INFO  com.elo.au.migration.main.App 7953{1}:209 - Indexfilepath H:\GDO Jobs\SOD\AccountName\Test DM\WO 01388993\INDEX.TXT
2020-05-29 12:27:26,764 INFO  com.elo.au.migration.main.App 7969{1}:209 - createStgTblQuery - CREATE TABLE "20200529_01388993_STAGING" ("DM_CODE1" VARCHAR (1024), "DM_CODE2" VARCHAR (1024), "DM_CODE3" VARCHAR (1024), "DM_WONUMBER" VARCHAR (1024), "DM_CARTONBARCODE" VARCHAR (1024), "DM_DATE" VARCHAR (1024), "DM_WHAT" VARCHAR (1024), "DM_WHERE" VARCHAR (1024), "DM_WHO" VARCHAR (1024), "DM_WHEN" VARCHAR (1024), "DM_DESC" VARCHAR (1024), "DOCUMENT_PATH" VARCHAR (1024), "KWFNAME" VARCHAR (1024), "ELOOBJID" VARCHAR (1024), "UPLOADTIME" VARCHAR (1024))
2020-05-29 12:27:26,764 INFO  com.elo.au.migration.main.App 7969{1}:209 - Create table result 0
2020-05-29 12:27:26,764 INFO  com.elo.au.migration.main.App 7969{1}:209 - Populating Staging Table - Started
2020-05-29 12:27:26,826 INFO  com.elo.au.migration.main.App 8031{1}:209 - Populating Staging Table - Finished
2020-05-29 12:27:26,826 INFO  com.elo.au.migration.main.App 8031{1}:209 - ELO Upload Started
2020-05-29 12:27:26,826 INFO  com.elo.au.migration.ix.IxFunctions 8031{1}:209 - uploadToElo - Start
2020-05-29 12:27:26,826 INFO  com.elo.au.migration.ix.IxFunctions 8031{1}:209 - Table select query SELECT DM_CODE1,DM_CODE2,DM_CODE3,DM_WONUMBER,DM_CARTONBARCODE,DM_DATE,DM_WHAT,DM_WHERE,DM_WHO,DM_WHEN,DM_DESC,DOCUMENT_PATH,KWFNAME,ELOOBJID,UPLOADTIME FROM "20200529_01388993_STAGING" WHERE ELOOBJID IS NULL
2020-05-29 12:27:26,858 INFO  byps.BTransport 8063{1}:205 - send-6 Request=[IXServicePortIF.createDoc([B5DC50A7632512FDCEE614ED20511E0F:main:6,en/AU],null,Digital Mailroom,null,[mbSordDocAtt])]
2020-05-29 12:27:26,920 INFO  byps.BTransport 8125{1}:241 - send-6 [62] Response=[[-1,],[[,]],null]
2020-05-29 12:27:26,936 INFO  byps.BTransport 8141{1}:205 - send-7 Request=[IXServicePortIF.checkinDocBegin([B5DC50A7632512FDCEE614ED20511E0F:main:7,en/AU],[,docs:#1[[0,1]]])]
2020-05-29 12:27:26,967 INFO  byps.BTransport 8172{1}:241 - send-7 [31] Response=[,docs:#1[[0,1]]]
2020-05-29 12:27:26,967 INFO  de.elo.ix.client.IXConnection 8172{1}:425 - Upload file=H:\GDO Jobs\SOD\AccountName\Test DM\WO 01388993\Test1.pdf
2020-05-29 12:27:26,967 INFO  de.elo.ix.client.IXConnection 8172{1}:452 - Begin upload url=http://WIN-B2R16M2MKQD:9090/ix-GDOScanOnDemand/ix?cmd=writedoc&id=0&docguid=(B206A79E-CA79-5B77-79DC-BE9B7CDE851E)&path=1&owner=108&ext=YYYY700064006600&mode=&ticket=B5DC50A7632512FDCEE614ED20511E0F&encryptResult=true&_1=37ad892a59a2fcaf&_2=EF7D519E6F19E91E4E7181F2179663C0, contentLength=148871
2020-05-29 12:27:26,967 INFO  byps.BTransport 8172{1}:205 - send-8 Request=[RawStreamService.upload([B5DC50A7632512FDCEE614ED20511E0F:main:8,en/AU],[#11=[cmd=writedoc,id=0,docguid=(B206A79E-CA79-5B77-79DC-BE9B7CDE851E),...]],[null, #=148871,targetId=[0.0.0.]])]
2020-05-29 12:27:27,045 INFO  byps.BTransport 8250{1}:241 - send-8 [78] Response=##AES##gNGxy2xrHTT2NC2+R7yjjZL+qRZeWqtf974/rZgZltEQ0ZpIEx/PxG5eBZLqM2F9o46+EUgjRjYKXSbjeHmFTNoIMjcf+C05zHiDR1WLC/Q/TQah6qnMwJ7xzwwvLltmUks+gsq223FvLksHIoboeBnukEfQ47f9+brughPv5aEEF5Ti76KLnIs1CrtsQRTxh+/PCxdui+YLRWsEPfLdvuQL8X2ztPIAFQ/BddSdeHTWP54sWHF2Hkj9uvmQpYND+UqgZEiwMUaANj2aJT6H6Hluvucg9xtrMh2gLsLqtGaouY1TZf4AXHZ/5bnOYLyun5pyBcRlm3B5WwfE0pBv/wfDnxRq4Y8qivKYsGRrRLYPkMzEJjB6ta57s5k5euwMdcMRCdr6vrxS3yPBWvrWO/goHe5HASaiKpOvOIo112Wx2Y2YbS1lzp8AyiLMzp94xn4qbR/8dctV3oKR3i3ahMTYPeHQiPh0bJNfRcLKQuIRuuEX+ufJc6Q08VVNJC2pNSu5aVEpgoAChU9UXcuVp/ulJ99LUkrSkFTCKsJsdFnUqJox64yoirz50jQA+w/JisxJzKYvla1ykmFZMiJfqFGLz79OEvTq+tamV59FYCgP73RHb9GxLpg5RX/a550i1TInQCUIG/rUf5mYaM2cdOik6l06sEfy+al1k+q+Ey4Jbc88/Ihf7gJxcbFym8Ta82mSVFiChXTflM5ZcSTa5COHs5M/cuxAYCzXW9rs1M7cDaC1sTFCIrxBwdMdnd/ujxBRFnz6SkqQ716RIwLc8ydCDOUfA+/xiIVqTsIYImo=
2020-05-29 12:27:27,045 INFO  de.elo.ix.client.IXConnection 8250{1}:465 - End upload url=http://WIN-B2R16M2MKQD:9090/ix-GDOScanOnDemand/ix?cmd=writedoc&id=0&docguid=(B206A79E-CA79-5B77-79DC-BE9B7CDE851E)&path=1&owner=108&ext=YYYY700064006600&mode=&ticket=B5DC50A7632512FDCEE614ED20511E0F&encryptResult=true&_1=37ad892a59a2fcaf&_2=EF7D519E6F19E91E4E7181F2179663C0, contentLength=148871
2020-05-29 12:27:27,061 INFO  byps.BTransport 8266{1}:205 - send-9 Request=[IXServicePortIF.checkinDocEnd([B5DC50A7632512FDCEE614ED20511E0F:main:9,en/AU],[-1,Test1.pdf],[mbAll],[,docs:#1[[0,1]]],LOCK.NO)]
2020-05-29 12:27:27,155 INFO  byps.BTransport 8360{1}:256 - send-9 [94] Response=[TICKET:B5DC50A7632512FD][ELOIX:1000]Database error.[DETAILS:java.sql.SQLException: com.microsoft.sqlserver.jdbc.SQLServerException: Could not allocate space for object 'dbo.relation'.'ixparents' in database 'GDOScanOnDemand' because the 'PRIMARY' filegroup is full. Create disk space by deleting unneeded files, dropping objects in the filegroup, adding additional files to the filegroup, or setting autogrowth on for existing files in the filegroup. DB[7508] Command="pstmt.executeUpdate()"]
2020-05-29 12:27:27,155 ERROR com.elo.au.migration.ix.IxFunctions 8360{1}:217 - Error in uploadDoc [TICKET:B5DC50A7632512FD][ELOIX:1000]Database error.[DETAILS:java.sql.SQLException: com.microsoft.sqlserver.jdbc.SQLServerException: Could not allocate space for object 'dbo.relation'.'ixparents' in database 'GDOScanOnDemand' because the 'PRIMARY' filegroup is full. Create disk space by deleting unneeded files, dropping objects in the filegroup, adding additional files to the filegroup, or setting autogrowth on for existing files in the filegroup. DB[7508] Command="pstmt.executeUpdate()"]
2020-05-29 12:27:27,155 ERROR com.elo.au.migration.ix.IxFunctions 8360{1}:217 - H:\GDO Jobs\SOD\AccountName\Test DM\WO 01388993\Test1.pdf Upload failed - Skipping this document
2020-05-29 12:27:27,155 INFO  byps.BTransport 8360{1}:205 - send-10 Request=[IXServicePortIF.createDoc([B5DC50A7632512FDCEE614ED20511E0F:main:10,en/AU],null,Digital Mailroom,null,[mbSordDocAtt])]
2020-05-29 12:27:27,186 INFO  byps.BTransport 8391{1}:241 - send-10 [31] Response=[[-1,],[[,]],null]
2020-05-29 12:27:27,186 INFO  byps.BTransport 8391{1}:205 - send-11 Request=[IXServicePortIF.checkinDocBegin([B5DC50A7632512FDCEE614ED20511E0F:main:11,en/AU],[,docs:#1[[0,1]]])]
2020-05-29 12:27:27,201 INFO  byps.BTransport 8406{1}:241 - send-11 [15] Response=[,docs:#1[[0,1]]]
2020-05-29 12:27:27,217 INFO  de.elo.ix.client.IXConnection 8422{1}:425 - Upload file=H:\GDO Jobs\SOD\AccountName\Test DM\WO 01388993\Test2.pdf
2020-05-29 12:27:27,217 INFO  de.elo.ix.client.IXConnection 8422{1}:452 - Begin upload url=http://WIN-B2R16M2MKQD:9090/ix-GDOScanOnDemand/ix?cmd=writedoc&id=0&docguid=(E6E675D3-61D8-F77B-CABB-53D9F53E874D)&path=1&owner=108&ext=YYYY700064006600&mode=&ticket=B5DC50A7632512FDCEE614ED20511E0F&encryptResult=true&_1=2c375f7a2f7ddb57&_2=600DCDFDB738CEB7A8E5A313AD1C96F1, contentLength=148871
2020-05-29 12:27:27,217 INFO  byps.BTransport 8422{1}:205 - send-12 Request=[RawStreamService.upload([B5DC50A7632512FDCEE614ED20511E0F:main:12,en/AU],[#11=[cmd=writedoc,id=0,docguid=(E6E675D3-61D8-F77B-CABB-53D9F53E874D),...]],[null, #=148871,targetId=[0.0.0.]])]
2020-05-29 12:27:27,280 INFO  byps.BTransport 8485{1}:241 - send-12 [63] Response=##AES##gNGxy2xrHTT2NC2+R7yjjZL+qRZeWqtf974/rZgZltEQ0ZpIEx/PxG5eBZLqM2F9y1jZ+7V0hw/nw3rWSx2nAmsttuTETRQXp7KghqhE6dj/qIp1MC6uJ5WwGz5U/MJhx54tXBOgftBnDGm68bLpbhnukEfQ47f9+brughPv5aEEF5Ti76KLnIs1CrtsQRTxh+/PCxdui+YLRWsEPfLdvuQL8X2ztPIAFQ/BddSdeHTWP54sWHF2Hkj9uvmQpYNDVolYUSFQLHztla1tu3SzA3luvucg9xtrMh2gLsLqtGaouY1TZf4AXHZ/5bnOYLyun5pyBcRlm3B5WwfE0pBv/wfDnxRq4Y8qivKYsGRrRLYPkMzEJjB6ta57s5k5euwMdcMRCdr6vrxS3yPBWvrWO/goHe5HASaiKpOvOIo112Wx2Y2YbS1lzp8AyiLMzp94xn4qbR/8dctV3oKR3i3ahMTYPeHQiPh0bJNfRcLKQuIRuuEX+ufJc6Q08VVNJC2pNSu5aVEpgoAChU9UXcuVp/ulJ99LUkrSkFTCKsJsdFnUqJox64yoirz50jQA+w/JisxJzKYvla1ykmFZMiJfqFGLz79OEvTq+tamV59FYCgP73RHb9GxLpg5RX/a550i1TInQCUIG/rUf5mYaM2cdOik6l06sEfy+al1k+q+Ey4Jbc88/Ihf7gJxcbFym8Ta82mSVFiChXTflM5ZcSTa5COHs5M/cuxAYCzXW9rs1M7cDaC1sTFCIrxBwdMdnd/ujxBRFnz6SkqQ716RIwLc8ydCDOUfA+/xiIVqTsIYImo=
2020-05-29 12:27:27,280 INFO  de.elo.ix.client.IXConnection 8485{1}:465 - End upload url=http://WIN-B2R16M2MKQD:9090/ix-GDOScanOnDemand/ix?cmd=writedoc&id=0&docguid=(E6E675D3-61D8-F77B-CABB-53D9F53E874D)&path=1&owner=108&ext=YYYY700064006600&mode=&ticket=B5DC50A7632512FDCEE614ED20511E0F&encryptResult=true&_1=2c375f7a2f7ddb57&_2=600DCDFDB738CEB7A8E5A313AD1C96F1, contentLength=148871
2020-05-29 12:27:27,280 INFO  byps.BTransport 8485{1}:205 - send-13 Request=[IXServicePortIF.checkinDocEnd([B5DC50A7632512FDCEE614ED20511E0F:main:13,en/AU],[-1,Test2.pdf],[mbAll],[,docs:#1[[0,1]]],LOCK.NO)]
2020-05-29 12:27:27,358 INFO  byps.BTransport 8563{1}:256 - send-13 [78] Response=[TICKET:B5DC50A7632512FD][ELOIX:1000]Database error.[DETAILS:java.sql.SQLException: com.microsoft.sqlserver.jdbc.SQLServerException: Could not allocate space for object 'dbo.relation'.'ixparents' in database 'GDOScanOnDemand' because the 'PRIMARY' filegroup is full. Create disk space by deleting unneeded files, dropping objects in the filegroup, adding additional files to the filegroup, or setting autogrowth on for existing files in the filegroup. DB[7508] Command="pstmt.executeUpdate()"]
2020-05-29 12:27:27,358 ERROR com.elo.au.migration.ix.IxFunctions 8563{1}:217 - Error in uploadDoc [TICKET:B5DC50A7632512FD][ELOIX:1000]Database error.[DETAILS:java.sql.SQLException: com.microsoft.sqlserver.jdbc.SQLServerException: Could not allocate space for object 'dbo.relation'.'ixparents' in database 'GDOScanOnDemand' because the 'PRIMARY' filegroup is full. Create disk space by deleting unneeded files, dropping objects in the filegroup, adding additional files to the filegroup, or setting autogrowth on for existing files in the filegroup. DB[7508] Command="pstmt.executeUpdate()"]
2020-05-29 12:27:27,358 ERROR com.elo.au.migration.ix.IxFunctions 8563{1}:217 - H:\GDO Jobs\SOD\AccountName\Test DM\WO 01388993\Test2.pdf Upload failed - Skipping this document
2020-05-29 12:27:27,373 INFO  byps.BTransport 8578{1}:205 - send-14 Request=[IXServicePortIF.createDoc([B5DC50A7632512FDCEE614ED20511E0F:main:14,en/AU],null,Digital Mailroom,null,[mbSordDocAtt])]
2020-05-29 12:27:27,451 INFO  byps.BTransport 8656{1}:241 - send-14 [78] Response=[[-1,],[[,]],null]
2020-05-29 12:27:27,467 INFO  byps.BTransport 8672{1}:205 - send-15 Request=[IXServicePortIF.checkinDocBegin([B5DC50A7632512FDCEE614ED20511E0F:main:15,en/AU],[,docs:#1[[0,1]]])]
2020-05-29 12:27:27,514 INFO  byps.BTransport 8719{1}:241 - send-15 [47] Response=[,docs:#1[[0,1]]]
2020-05-29 12:27:27,514 INFO  de.elo.ix.client.IXConnection 8719{1}:425 - Upload file=H:\GDO Jobs\SOD\AccountName\Test DM\WO 01388993\Test3.pdf
2020-05-29 12:27:27,514 INFO  de.elo.ix.client.IXConnection 8719{1}:452 - Begin upload url=http://WIN-B2R16M2MKQD:9090/ix-GDOScanOnDemand/ix?cmd=writedoc&id=0&docguid=(72B7B1D8-5DB8-B04C-8AAD-498B31066317)&path=1&owner=108&ext=YYYY700064006600&mode=&ticket=B5DC50A7632512FDCEE614ED20511E0F&encryptResult=true&_1=334b33c46fff658c&_2=A05CE1A2B43140AD8A8C700E96300B9A, contentLength=148871
2020-05-29 12:27:27,514 INFO  byps.BTransport 8719{1}:205 - send-16 Request=[RawStreamService.upload([B5DC50A7632512FDCEE614ED20511E0F:main:16,en/AU],[#11=[cmd=writedoc,id=0,docguid=(72B7B1D8-5DB8-B04C-8AAD-498B31066317),...]],[null, #=148871,targetId=[0.0.0.]])]
2020-05-29 12:27:27,592 INFO  byps.BTransport 8797{1}:241 - send-16 [78] Response=##AES##gNGxy2xrHTT2NC2+R7yjjZL+qRZeWqtf974/rZgZltEQ0ZpIEx/PxG5eBZLqM2F9erFp5+Z+enzoGGzcX5V+RjpL6tVIUQXbObDPwD/z1PS+uX+ok7jObaMM/YwdGMje6xuWsXe7Ym1iDbimKD3EjRnukEfQ47f9+brughPv5aEEF5Ti76KLnIs1CrtsQRTxh+/PCxdui+YLRWsEPfLdvuQL8X2ztPIAFQ/BddSdeHTWP54sWHF2Hkj9uvmQpYNDcL2dO/jvux31P4qLnK0xznluvucg9xtrMh2gLsLqtGaouY1TZf4AXHZ/5bnOYLyun5pyBcRlm3B5WwfE0pBv/wfDnxRq4Y8qivKYsGRrRLYPkMzEJjB6ta57s5k5euwMdcMRCdr6vrxS3yPBWvrWO/goHe5HASaiKpOvOIo112Wx2Y2YbS1lzp8AyiLMzp94xn4qbR/8dctV3oKR3i3ahMTYPeHQiPh0bJNfRcLKQuIRuuEX+ufJc6Q08VVNJC2pNSu5aVEpgoAChU9UXcuVp/ulJ99LUkrSkFTCKsJsdFnUqJox64yoirz50jQA+w/JisxJzKYvla1ykmFZMiJfqFGLz79OEvTq+tamV59FYCgP73RHb9GxLpg5RX/a550i1TInQCUIG/rUf5mYaM2cdOik6l06sEfy+al1k+q+Ey4Jbc88/Ihf7gJxcbFym8Ta82mSVFiChXTflM5ZcSTa5COHs5M/cuxAYCzXW9rs1M7cDaC1sTFCIrxBwdMdnd/ujxBRFnz6SkqQ716RIwLc8ydCDOUfA+/xiIVqTsIYImo=
2020-05-29 12:27:27,592 INFO  de.elo.ix.client.IXConnection 8797{1}:465 - End upload url=http://WIN-B2R16M2MKQD:9090/ix-GDOScanOnDemand/ix?cmd=writedoc&id=0&docguid=(72B7B1D8-5DB8-B04C-8AAD-498B31066317)&path=1&owner=108&ext=YYYY700064006600&mode=&ticket=B5DC50A7632512FDCEE614ED20511E0F&encryptResult=true&_1=334b33c46fff658c&_2=A05CE1A2B43140AD8A8C700E96300B9A, contentLength=148871
2020-05-29 12:27:27,592 INFO  byps.BTransport 8797{1}:205 - send-17 Request=[IXServicePortIF.checkinDocEnd([B5DC50A7632512FDCEE614ED20511E0F:main:17,en/AU],[-1,Test3.pdf],[mbAll],[,docs:#1[[0,1]]],LOCK.NO)]
2020-05-29 12:27:27,670 INFO  byps.BTransport 8875{1}:256 - send-17 [78] Response=[TICKET:B5DC50A7632512FD][ELOIX:1000]Database error.[DETAILS:java.sql.SQLException: com.microsoft.sqlserver.jdbc.SQLServerException: Could not allocate space for object 'dbo.relation'.'ixparents' in database 'GDOScanOnDemand' because the 'PRIMARY' filegroup is full. Create disk space by deleting unneeded files, dropping objects in the filegroup, adding additional files to the filegroup, or setting autogrowth on for existing files in the filegroup. DB[7508] Command="pstmt.executeUpdate()"]
2020-05-29 12:27:27,670 ERROR com.elo.au.migration.ix.IxFunctions 8875{1}:217 - Error in uploadDoc [TICKET:B5DC50A7632512FD][ELOIX:1000]Database error.[DETAILS:java.sql.SQLException: com.microsoft.sqlserver.jdbc.SQLServerException: Could not allocate space for object 'dbo.relation'.'ixparents' in database 'GDOScanOnDemand' because the 'PRIMARY' filegroup is full. Create disk space by deleting unneeded files, dropping objects in the filegroup, adding additional files to the filegroup, or setting autogrowth on for existing files in the filegroup. DB[7508] Command="pstmt.executeUpdate()"]
2020-05-29 12:27:27,670 ERROR com.elo.au.migration.ix.IxFunctions 8875{1}:217 - H:\GDO Jobs\SOD\AccountName\Test DM\WO 01388993\Test3.pdf Upload failed - Skipping this document
2020-05-29 12:27:27,670 INFO  byps.BTransport 8875{1}:205 - send-18 Request=[IXServicePortIF.createDoc([B5DC50A7632512FDCEE614ED20511E0F:main:18,en/AU],null,Digital Mailroom,null,[mbSordDocAtt])]
2020-05-29 12:27:27,701 INFO  byps.BTransport 8906{1}:241 - send-18 [31] Response=[[-1,],[[,]],null]
2020-05-29 12:27:27,701 INFO  byps.BTransport 8906{1}:205 - send-19 Request=[IXServicePortIF.checkinDocBegin([B5DC50A7632512FDCEE614ED20511E0F:main:19,en/AU],[,docs:#1[[0,1]]])]
2020-05-29 12:27:27,717 INFO  byps.BTransport 8922{1}:241 - send-19 [16] Response=[,docs:#1[[0,1]]]
2020-05-29 12:27:27,717 INFO  de.elo.ix.client.IXConnection 8922{1}:425 - Upload file=H:\GDO Jobs\SOD\AccountName\Test DM\WO 01388993\Test4.pdf
2020-05-29 12:27:27,717 INFO  de.elo.ix.client.IXConnection 8922{1}:452 - Begin upload url=http://WIN-B2R16M2MKQD:9090/ix-GDOScanOnDemand/ix?cmd=writedoc&id=0&docguid=(434170F7-EB72-FD9A-6ABB-F1EC9C6B26AA)&path=1&owner=108&ext=YYYY700064006600&mode=&ticket=B5DC50A7632512FDCEE614ED20511E0F&encryptResult=true&_1=ca3d1f37caca02ed&_2=1EB22F6EECFAD6B45FC353EBB04D39F8, contentLength=148871
2020-05-29 12:27:27,717 INFO  byps.BTransport 8922{1}:205 - send-20 Request=[RawStreamService.upload([B5DC50A7632512FDCEE614ED20511E0F:main:20,en/AU],[#11=[cmd=writedoc,id=0,docguid=(434170F7-EB72-FD9A-6ABB-F1EC9C6B26AA),...]],[null, #=148871,targetId=[0.0.0.]])]
2020-05-29 12:27:27,795 INFO  byps.BTransport 9000{1}:241 - send-20 [78] Response=##AES##gNGxy2xrHTT2NC2+R7yjjZL+qRZeWqtf974/rZgZltEQ0ZpIEx/PxG5eBZLqM2F9vmpY6/VT/q1Xepe80ALvXs5n2dF+M8EZWhlDmsC7fkUJjF9xUH+efgZG+WU3owQaBSC9KeOPU/9wKVxVctLskRnukEfQ47f9+brughPv5aEEF5Ti76KLnIs1CrtsQRTxh+/PCxdui+YLRWsEPfLdvuQL8X2ztPIAFQ/BddSdeHTWP54sWHF2Hkj9uvmQpYNDRUeq9aZIT+ZWn4AvtmutP3luvucg9xtrMh2gLsLqtGaouY1TZf4AXHZ/5bnOYLyun5pyBcRlm3B5WwfE0pBv/wfDnxRq4Y8qivKYsGRrRLYPkMzEJjB6ta57s5k5euwMdcMRCdr6vrxS3yPBWvrWO/goHe5HASaiKpOvOIo112Wx2Y2YbS1lzp8AyiLMzp94xn4qbR/8dctV3oKR3i3ahMTYPeHQiPh0bJNfRcLKQuIRuuEX+ufJc6Q08VVNJC2pNSu5aVEpgoAChU9UXcuVpxS4eudJw9pFi0qClYrCqlvL/1huKQVAM++Bdg3wLPdoisxJzKYvla1ykmFZMiJfqO/JtV1QmkmcUA/YPhfOdo8P73RHb9GxLpg5RX/a550i1TInQCUIG/rUf5mYaM2cdOik6l06sEfy+al1k+q+Ey4Jbc88/Ihf7gJxcbFym8Ta82mSVFiChXTflM5ZcSTa5COHs5M/cuxAYCzXW9rs1M7cDaC1sTFCIrxBwdMdnd/ujxBRFnz6SkqQ716RIwLc8ydCDOUfA+/xiIVqTsIYImo=
2020-05-29 12:27:27,795 INFO  de.elo.ix.client.IXConnection 9000{1}:465 - End upload url=http://WIN-B2R16M2MKQD:9090/ix-GDOScanOnDemand/ix?cmd=writedoc&id=0&docguid=(434170F7-EB72-FD9A-6ABB-F1EC9C6B26AA)&path=1&owner=108&ext=YYYY700064006600&mode=&ticket=B5DC50A7632512FDCEE614ED20511E0F&encryptResult=true&_1=ca3d1f37caca02ed&_2=1EB22F6EECFAD6B45FC353EBB04D39F8, contentLength=148871
2020-05-29 12:27:27,795 INFO  byps.BTransport 9000{1}:205 - send-21 Request=[IXServicePortIF.checkinDocEnd([B5DC50A7632512FDCEE614ED20511E0F:main:21,en/AU],[-1,Test4.pdf],[mbAll],[,docs:#1[[0,1]]],LOCK.NO)]
2020-05-29 12:27:27,873 INFO  byps.BTransport 9078{1}:256 - send-21 [78] Response=[TICKET:B5DC50A7632512FD][ELOIX:1000]Database error.[DETAILS:java.sql.SQLException: com.microsoft.sqlserver.jdbc.SQLServerException: Could not allocate space for object 'dbo.relation'.'ixparents' in database 'GDOScanOnDemand' because the 'PRIMARY' filegroup is full. Create disk space by deleting unneeded files, dropping objects in the filegroup, adding additional files to the filegroup, or setting autogrowth on for existing files in the filegroup. DB[7508] Command="pstmt.executeUpdate()"]
2020-05-29 12:27:27,889 ERROR com.elo.au.migration.ix.IxFunctions 9094{1}:217 - Error in uploadDoc [TICKET:B5DC50A7632512FD][ELOIX:1000]Database error.[DETAILS:java.sql.SQLException: com.microsoft.sqlserver.jdbc.SQLServerException: Could not allocate space for object 'dbo.relation'.'ixparents' in database 'GDOScanOnDemand' because the 'PRIMARY' filegroup is full. Create disk space by deleting unneeded files, dropping objects in the filegroup, adding additional files to the filegroup, or setting autogrowth on for existing files in the filegroup. DB[7508] Command="pstmt.executeUpdate()"]
2020-05-29 12:27:27,889 ERROR com.elo.au.migration.ix.IxFunctions 9094{1}:217 - H:\GDO Jobs\SOD\AccountName\Test DM\WO 01388993\Test4.pdf Upload failed - Skipping this document
2020-05-29 12:27:27,889 INFO  com.elo.au.migration.ix.IxFunctions 9094{1}:209 - uploadToElo - End
2020-05-29 12:27:27,889 INFO  com.elo.au.migration.main.App 9094{1}:209 - ELO Upload Finished
2020-05-29 12:27:27,889 INFO  byps.BTransport 9094{1}:205 - send-22 Request=[IXServicePortIF.logout([B5DC50A7632512FDCEE614ED20511E0F:ix-logout:22,en/AU])]
2020-05-29 12:27:27,936 INFO  byps.BTransport 9141{1}:241 - send-22 [47] Response=(void)
2020-05-29 12:27:27,936 INFO  byps.BTransport 9141{1}:205 - send-1 Request=[BUtilityRequests.cancelMessage(-2)]
2020-05-29 12:27:27,983 INFO  byps.BTransport 9188{1}:205 - send-2 Request=[BUtilityRequests.cancelMessage(-2)]
2020-05-29 12:27:28,014 INFO  byps.BTransport 9219{1}:241 - send-2 [31] Response=(void)
2020-05-29 12:27:28,014 INFO  com.elo.au.migration.main.App 9219{1}:209 - Execute Finished
2020-05-29 12:28:46,378 INFO  com.elo.au.migration.main.App 0{1}:209 - Execute Start
2020-05-29 12:28:46,378 INFO  com.elo.au.migration.main.App 0{1}:209 - migrationjson file path D:\GDO Scripts\BulkUpload\GDOAutomatedUpload\json\digital_elomigration.json
2020-05-29 12:28:46,409 INFO  com.elo.au.migration.main.App 31{1}:209 - CSV Splitter defined is \|
2020-05-29 12:28:46,409 INFO  com.elo.au.migration.main.App 31{1}:209 - No of projects 1
2020-05-29 12:28:53,316 INFO  de.elo.ix.client.IXAuthentication 6938{1}:75 - Authenticate [BClient_Indexserver, transport=[[750812725.-6535060700810239515.6794079083448780987.], wire=[url=https://demo.gracedigitaloffice.com.au/ix-GDOScanOnDemand/byps, #openreq=1, done=false]]]
2020-05-29 12:28:53,316 INFO  byps.BTransport 6938{1}:205 - send-1 Request=[IXServicePortIF.login([null:ixclient-1:1,en/AU],PUBLIC_ENCR_KEY,null,null,null)]
2020-05-29 12:28:53,362 INFO  byps.BTransport 6984{1}:241 - send-1 [46] Response=[ci=[AIarAzGEPLfKMoqsLRsDz5rdhF+sdptHF936QIeSHfABt8MaV8Ex5l78+KEQyHON19hD33JpD437saIP2MMhGkBcg86NKrlduiCZU1X0LyBbidM7exn+dWpAbxfjE+3rDWVjYaLEyrZFxzMyUMn7JkibZ/ZOH8502T1P6+U+4hhb AQAB:ixclient-1:1,en/AU],tlf=0,user=null
2020-05-29 12:28:53,362 INFO  de.elo.ix.client.IXAuthentication 6984{1}:320 - Initialized public RSA key in 0ms.
2020-05-29 12:28:53,675 INFO  de.elo.ix.client.IXAuthentication 7297{1}:340 - Encrypt password, 297ms.
2020-05-29 12:28:53,675 INFO  byps.BTransport 7297{1}:205 - send-2 Request=[IXServicePortIF.login([null:ixclient-2:2,en/AU],testupload,##RSA##VtUvOV8Q37nOn/FISvr8Ftfa7nQ6dz2NQWHRmVM34gB/UdQSiKYWR1zjTFcOsN5B/7XtT+ZCHvmt9L7hKLnzh/EY1sH16NeArgQzEPuwriR68zssqOoItKE61OqzNuT9UCz3qnqfZ70t9izWsNWHRV/k6QJOzOkl2qrZgXvjUPI=,local¶TDBD,null)]
2020-05-29 12:28:53,753 INFO  byps.BTransport 7375{1}:241 - send-2 [78] Response=[ci=[4374203DD0297F4E9330494B38D21DA2:ixclient-2:2,en/AU],tlf=486,user=[108,testupload]
2020-05-29 12:28:53,753 INFO  de.elo.ix.client.IXAuthentication 7375{1}:395 - Login result=[ci=[4374203DD0297F4E9330494B38D21DA2:ixclient-2:2,en/AU],tlf=486,user=[108,testupload]
2020-05-29 12:28:53,753 INFO  byps.BTransport 7375{1}:205 - send-3 Request=[IXServicePortIF.getServerInfo([4374203DD0297F4E9330494B38D21DA2:ixclient-1:3,en/AU])]
2020-05-29 12:28:53,800 INFO  byps.BTransport 7422{1}:241 - send-3 [47] Response=[ixid=ELO-WIN-B2R16M2MKQD-1,indexServers=#4[[arcName=GDOScanOnDemand,url=http://WIN-B2R16M2MKQD:9090/ix-GDOScanOnDemand/ix],[arcName=GraceEducation,url=http://WIN-B2R16M2MKQD:9090/ix-GraceEducation/ix],[arcName=ScratchPad,url=http://WIN-B2R16M2MKQD:9090/ix-ScratchPad/ix],[arcName=ScratchPadGeneral,url=http://WIN-B2R16M2MKQD:9090/ix-ScratchPadGeneral/ix]],license=[serno=Grace Digital Office,indexServer=true,limitedVersion=false,demoVersion=false,fultext=true,replication=false,backup=false,limitedIg=false,nbOfServerLicenses=50,sapALink=false,xmlImport=true,cold=true,httpServer=true,domea=false,signature=false,stack=false,nbOfFulltextLangs=3],version=11.01.000.1779,replProcessOnServerId=,databaseEngine=MSSQL]
2020-05-29 12:28:53,800 INFO  byps.BTransport 7422{1}:205 - send-4 Request=[IXServicePortIF.setSessionOptions([4374203DD0297F4E9330494B38D21DA2:ixclient-2:4,en/AU],#3[[clientApp.version=1.0],[clientApp.name=Migration],[clientApp.type=TDBD]])]
2020-05-29 12:28:53,831 INFO  byps.BTransport 7453{1}:241 - send-4 [31] Response=(void)
2020-05-29 12:28:53,831 INFO  de.elo.ix.client.IXAuthentication 7453{1}:167 - Set session options=#3[[clientApp.version=1.0],[clientApp.name=Migration],[clientApp.type=TDBD]], err=null
2020-05-29 12:28:53,831 INFO  byps.BTransport 7453{1}:205 - send-5 Request=[IXServicePortIF.getConstants([4374203DD0297F4E9330494B38D21DA2:ixclient-1:5,en/AU])]
2020-05-29 12:28:54,003 INFO  byps.BTransport 7625{1}:241 - send-5 [172] Response=de.elo.ix.client.IXServicePortC@3dc28632
2020-05-29 12:28:54,019 INFO  com.elo.au.migration.main.App 7641{1}:209 - Project Name 1. 20200529_01388993
2020-05-29 12:28:54,019 INFO  com.elo.au.migration.main.App 7641{1}:209 - Indexfilepath H:\GDO Jobs\SOD\AccountName\Test DM\WO 01388993\INDEX.TXT
2020-05-29 12:28:54,034 INFO  com.elo.au.migration.main.App 7656{1}:209 - createStgTblQuery - CREATE TABLE "20200529_01388993_STAGING" ("DM_CODE1" VARCHAR (1024), "DM_CODE2" VARCHAR (1024), "DM_CODE3" VARCHAR (1024), "DM_WONUMBER" VARCHAR (1024), "DM_CARTONBARCODE" VARCHAR (1024), "DM_DATE" VARCHAR (1024), "DM_WHAT" VARCHAR (1024), "DM_WHERE" VARCHAR (1024), "DM_WHO" VARCHAR (1024), "DM_WHEN" VARCHAR (1024), "DM_DESC" VARCHAR (1024), "DOCUMENT_PATH" VARCHAR (1024), "KWFNAME" VARCHAR (1024), "ELOOBJID" VARCHAR (1024), "UPLOADTIME" VARCHAR (1024))
2020-05-29 12:28:54,050 INFO  com.elo.au.migration.main.App 7672{1}:209 - Create table result 0
2020-05-29 12:28:54,050 INFO  com.elo.au.migration.main.App 7672{1}:209 - Populating Staging Table - Started
2020-05-29 12:28:54,128 INFO  com.elo.au.migration.main.App 7750{1}:209 - Populating Staging Table - Finished
2020-05-29 12:28:54,128 INFO  com.elo.au.migration.main.App 7750{1}:209 - ELO Upload Started
2020-05-29 12:28:54,128 INFO  com.elo.au.migration.ix.IxFunctions 7750{1}:209 - uploadToElo - Start
2020-05-29 12:28:54,128 INFO  com.elo.au.migration.ix.IxFunctions 7750{1}:209 - Table select query SELECT DM_CODE1,DM_CODE2,DM_CODE3,DM_WONUMBER,DM_CARTONBARCODE,DM_DATE,DM_WHAT,DM_WHERE,DM_WHO,DM_WHEN,DM_DESC,DOCUMENT_PATH,KWFNAME,ELOOBJID,UPLOADTIME FROM "20200529_01388993_STAGING" WHERE ELOOBJID IS NULL
2020-05-29 12:28:54,159 INFO  byps.BTransport 7781{1}:205 - send-6 Request=[IXServicePortIF.createDoc([4374203DD0297F4E9330494B38D21DA2:main:6,en/AU],null,Digital Mailroom,null,[mbSordDocAtt])]
2020-05-29 12:28:54,191 INFO  byps.BTransport 7813{1}:241 - send-6 [32] Response=[[-1,],[[,]],null]
2020-05-29 12:28:54,191 INFO  byps.BTransport 7813{1}:205 - send-7 Request=[IXServicePortIF.checkinDocBegin([4374203DD0297F4E9330494B38D21DA2:main:7,en/AU],[,docs:#1[[0,1]]])]
2020-05-29 12:28:54,222 INFO  byps.BTransport 7844{1}:241 - send-7 [31] Response=[,docs:#1[[0,1]]]
2020-05-29 12:28:54,222 INFO  de.elo.ix.client.IXConnection 7844{1}:425 - Upload file=H:\GDO Jobs\SOD\AccountName\Test DM\WO 01388993\Test1.pdf
2020-05-29 12:28:54,222 INFO  de.elo.ix.client.IXConnection 7844{1}:452 - Begin upload url=http://WIN-B2R16M2MKQD:9090/ix-GDOScanOnDemand/ix?cmd=writedoc&id=0&docguid=(FC47625B-9081-701C-D40E-D21315A80567)&path=1&owner=108&ext=YYYY700064006600&mode=&ticket=4374203DD0297F4E9330494B38D21DA2&encryptResult=true&_1=c00a76eda5a01f07&_2=EAFB02258C65F7D4264E4CD23C61AD22, contentLength=148871
2020-05-29 12:28:54,237 INFO  byps.BTransport 7859{1}:205 - send-8 Request=[RawStreamService.upload([4374203DD0297F4E9330494B38D21DA2:main:8,en/AU],[#11=[cmd=writedoc,id=0,docguid=(FC47625B-9081-701C-D40E-D21315A80567),...]],[null, #=148871,targetId=[0.0.0.]])]
2020-05-29 12:28:54,347 INFO  byps.BTransport 7969{1}:241 - send-8 [110] Response=##AES##gNGxy2xrHTT2NC2+R7yjjZL+qRZeWqtf974/rZgZltEQ0ZpIEx/PxG5eBZLqM2F9hf8o8XVBY2Gf2LwFJUFJmTModZLMJu7iMsY2JJQkmuq1+NYgjlqZi83fyZbiOK16BjVV2tIa+lWG+EzwgSgAxBnukEfQ47f9+brughPv5aEEF5Ti76KLnIs1CrtsQRTxh+/PCxdui+YLRWsEPfLdvuQL8X2ztPIAFQ/BddSdeHTWP54sWHF2Hkj9uvmQpYNDBgtx05NKb+JZ+m5Zl/pczHluvucg9xtrMh2gLsLqtGaouY1TZf4AXHZ/5bnOYLyun5pyBcRlm3B5WwfE0pBv/wfDnxRq4Y8qivKYsGRrRLYPkMzEJjB6ta57s5k5euwMdcMRCdr6vrxS3yPBWvrWO/goHe5HASaiKpOvOIo112Wx2Y2YbS1lzp8AyiLMzp94xn4qbR/8dctV3oKR3i3ahMTYPeHQiPh0bJNfRcLKQuIRuuEX+ufJc6Q08VVNJC2pNSu5aVEpgoAChU9UXcuVp81tgj0gJgbmS0YgI3qalQifn6KlWxCY9MVUqFokC9C7isxJzKYvla1ykmFZMiJfqKedguhCcN1rDOJPlCrh5tgP73RHb9GxLpg5RX/a550i1TInQCUIG/rUf5mYaM2cdOik6l06sEfy+al1k+q+Ey4Jbc88/Ihf7gJxcbFym8Ta82mSVFiChXTflM5ZcSTa5COHs5M/cuxAYCzXW9rs1M7cDaC1sTFCIrxBwdMdnd/ujxBRFnz6SkqQ716RIwLc8ydCDOUfA+/xiIVqTsIYImo=
2020-05-29 12:28:54,347 INFO  de.elo.ix.client.IXConnection 7969{1}:465 - End upload url=http://WIN-B2R16M2MKQD:9090/ix-GDOScanOnDemand/ix?cmd=writedoc&id=0&docguid=(FC47625B-9081-701C-D40E-D21315A80567)&path=1&owner=108&ext=YYYY700064006600&mode=&ticket=4374203DD0297F4E9330494B38D21DA2&encryptResult=true&_1=c00a76eda5a01f07&_2=EAFB02258C65F7D4264E4CD23C61AD22, contentLength=148871
2020-05-29 12:28:54,347 INFO  byps.BTransport 7969{1}:205 - send-9 Request=[IXServicePortIF.checkinDocEnd([4374203DD0297F4E9330494B38D21DA2:main:9,en/AU],[-1,Test1.pdf],[mbAll],[,docs:#1[[0,1]]],LOCK.NO)]
2020-05-29 12:28:54,425 INFO  byps.BTransport 8047{1}:256 - send-9 [78] Response=[TICKET:4374203DD0297F4E][ELOIX:1000]Database error.[DETAILS:java.sql.SQLException: com.microsoft.sqlserver.jdbc.SQLServerException: Could not allocate space for object 'dbo.relation'.'ixparents' in database 'GDOScanOnDemand' because the 'PRIMARY' filegroup is full. Create disk space by deleting unneeded files, dropping objects in the filegroup, adding additional files to the filegroup, or setting autogrowth on for existing files in the filegroup. DB[7510] Command="pstmt.executeUpdate()"]
2020-05-29 12:28:54,425 ERROR com.elo.au.migration.ix.IxFunctions 8047{1}:217 - Error in uploadDoc [TICKET:4374203DD0297F4E][ELOIX:1000]Database error.[DETAILS:java.sql.SQLException: com.microsoft.sqlserver.jdbc.SQLServerException: Could not allocate space for object 'dbo.relation'.'ixparents' in database 'GDOScanOnDemand' because the 'PRIMARY' filegroup is full. Create disk space by deleting unneeded files, dropping objects in the filegroup, adding additional files to the filegroup, or setting autogrowth on for existing files in the filegroup. DB[7510] Command="pstmt.executeUpdate()"]
2020-05-29 12:28:54,425 ERROR com.elo.au.migration.ix.IxFunctions 8047{1}:217 - H:\GDO Jobs\SOD\AccountName\Test DM\WO 01388993\Test1.pdf Upload failed - Skipping this document
2020-05-29 12:28:54,425 INFO  byps.BTransport 8047{1}:205 - send-10 Request=[IXServicePortIF.createDoc([4374203DD0297F4E9330494B38D21DA2:main:10,en/AU],null,Digital Mailroom,null,[mbSordDocAtt])]
2020-05-29 12:28:54,456 INFO  byps.BTransport 8078{1}:241 - send-10 [31] Response=[[-1,],[[,]],null]
2020-05-29 12:28:54,456 INFO  byps.BTransport 8078{1}:205 - send-11 Request=[IXServicePortIF.checkinDocBegin([4374203DD0297F4E9330494B38D21DA2:main:11,en/AU],[,docs:#1[[0,1]]])]
2020-05-29 12:28:54,487 INFO  byps.BTransport 8109{1}:241 - send-11 [31] Response=[,docs:#1[[0,1]]]
2020-05-29 12:28:54,487 INFO  de.elo.ix.client.IXConnection 8109{1}:425 - Upload file=H:\GDO Jobs\SOD\AccountName\Test DM\WO 01388993\Test2.pdf
2020-05-29 12:28:54,487 INFO  de.elo.ix.client.IXConnection 8109{1}:452 - Begin upload url=http://WIN-B2R16M2MKQD:9090/ix-GDOScanOnDemand/ix?cmd=writedoc&id=0&docguid=(AAC5032A-B1F1-4617-BF47-4EE83F689625)&path=1&owner=108&ext=YYYY700064006600&mode=&ticket=4374203DD0297F4E9330494B38D21DA2&encryptResult=true&_1=10f000112814448b&_2=C049339A817B83D7C6BD04AE792D9E99, contentLength=148871
2020-05-29 12:28:54,487 INFO  byps.BTransport 8109{1}:205 - send-12 Request=[RawStreamService.upload([4374203DD0297F4E9330494B38D21DA2:main:12,en/AU],[#11=[cmd=writedoc,id=0,docguid=(AAC5032A-B1F1-4617-BF47-4EE83F689625),...]],[null, #=148871,targetId=[0.0.0.]])]
2020-05-29 12:28:54,566 INFO  byps.BTransport 8188{1}:241 - send-12 [79] Response=##AES##gNGxy2xrHTT2NC2+R7yjjZL+qRZeWqtf974/rZgZltEQ0ZpIEx/PxG5eBZLqM2F9/fMu4ksA8KASmUJDt3uksuk4ECVinS/Eq3GTagslFd3lJYhtFgrax//VlIy/BwmTNrCkeTdGYEfw1yRo5PnJcRnukEfQ47f9+brughPv5aEEF5Ti76KLnIs1CrtsQRTxh+/PCxdui+YLRWsEPfLdvuQL8X2ztPIAFQ/BddSdeHTWP54sWHF2Hkj9uvmQpYNDGunMK0WYEgMcGcSmsxmdP3luvucg9xtrMh2gLsLqtGaouY1TZf4AXHZ/5bnOYLyun5pyBcRlm3B5WwfE0pBv/wfDnxRq4Y8qivKYsGRrRLYPkMzEJjB6ta57s5k5euwMdcMRCdr6vrxS3yPBWvrWO/goHe5HASaiKpOvOIo112Wx2Y2YbS1lzp8AyiLMzp94xn4qbR/8dctV3oKR3i3ahMTYPeHQiPh0bJNfRcLKQuIRuuEX+ufJc6Q08VVNJC2pNSu5aVEpgoAChU9UXcuVp81tgj0gJgbmS0YgI3qalQifn6KlWxCY9MVUqFokC9C7isxJzKYvla1ykmFZMiJfqKedguhCcN1rDOJPlCrh5tgP73RHb9GxLpg5RX/a550i1TInQCUIG/rUf5mYaM2cdOik6l06sEfy+al1k+q+Ey4Jbc88/Ihf7gJxcbFym8Ta82mSVFiChXTflM5ZcSTa5COHs5M/cuxAYCzXW9rs1M7cDaC1sTFCIrxBwdMdnd/ujxBRFnz6SkqQ716RIwLc8ydCDOUfA+/xiIVqTsIYImo=
2020-05-29 12:28:54,566 INFO  de.elo.ix.client.IXConnection 8188{1}:465 - End upload url=http://WIN-B2R16M2MKQD:9090/ix-GDOScanOnDemand/ix?cmd=writedoc&id=0&docguid=(AAC5032A-B1F1-4617-BF47-4EE83F689625)&path=1&owner=108&ext=YYYY700064006600&mode=&ticket=4374203DD0297F4E9330494B38D21DA2&encryptResult=true&_1=10f000112814448b&_2=C049339A817B83D7C6BD04AE792D9E99, contentLength=148871
2020-05-29 12:28:54,566 INFO  byps.BTransport 8188{1}:205 - send-13 Request=[IXServicePortIF.checkinDocEnd([4374203DD0297F4E9330494B38D21DA2:main:13,en/AU],[-1,Test2.pdf],[mbAll],[,docs:#1[[0,1]]],LOCK.NO)]
2020-05-29 12:28:54,644 INFO  byps.BTransport 8266{1}:256 - send-13 [78] Response=[TICKET:4374203DD0297F4E][ELOIX:1000]Database error.[DETAILS:java.sql.SQLException: com.microsoft.sqlserver.jdbc.SQLServerException: Could not allocate space for object 'dbo.relation'.'ixparents' in database 'GDOScanOnDemand' because the 'PRIMARY' filegroup is full. Create disk space by deleting unneeded files, dropping objects in the filegroup, adding additional files to the filegroup, or setting autogrowth on for existing files in the filegroup. DB[7510] Command="pstmt.executeUpdate()"]
2020-05-29 12:28:54,644 ERROR com.elo.au.migration.ix.IxFunctions 8266{1}:217 - Error in uploadDoc [TICKET:4374203DD0297F4E][ELOIX:1000]Database error.[DETAILS:java.sql.SQLException: com.microsoft.sqlserver.jdbc.SQLServerException: Could not allocate space for object 'dbo.relation'.'ixparents' in database 'GDOScanOnDemand' because the 'PRIMARY' filegroup is full. Create disk space by deleting unneeded files, dropping objects in the filegroup, adding additional files to the filegroup, or setting autogrowth on for existing files in the filegroup. DB[7510] Command="pstmt.executeUpdate()"]
2020-05-29 12:28:54,644 ERROR com.elo.au.migration.ix.IxFunctions 8266{1}:217 - H:\GDO Jobs\SOD\AccountName\Test DM\WO 01388993\Test2.pdf Upload failed - Skipping this document
2020-05-29 12:28:54,659 INFO  byps.BTransport 8281{1}:205 - send-14 Request=[IXServicePortIF.createDoc([4374203DD0297F4E9330494B38D21DA2:main:14,en/AU],null,Digital Mailroom,null,[mbSordDocAtt])]
2020-05-29 12:28:54,737 INFO  byps.BTransport 8359{1}:241 - send-14 [78] Response=[[-1,],[[,]],null]
2020-05-29 12:28:54,753 INFO  byps.BTransport 8375{1}:205 - send-15 Request=[IXServicePortIF.checkinDocBegin([4374203DD0297F4E9330494B38D21DA2:main:15,en/AU],[,docs:#1[[0,1]]])]
2020-05-29 12:28:54,784 INFO  byps.BTransport 8406{1}:241 - send-15 [31] Response=[,docs:#1[[0,1]]]
2020-05-29 12:28:54,784 INFO  de.elo.ix.client.IXConnection 8406{1}:425 - Upload file=H:\GDO Jobs\SOD\AccountName\Test DM\WO 01388993\Test3.pdf
2020-05-29 12:28:54,800 INFO  de.elo.ix.client.IXConnection 8422{1}:452 - Begin upload url=http://WIN-B2R16M2MKQD:9090/ix-GDOScanOnDemand/ix?cmd=writedoc&id=0&docguid=(2C2A77D4-F92A-2708-BE31-8A9B47C511CF)&path=1&owner=108&ext=YYYY700064006600&mode=&ticket=4374203DD0297F4E9330494B38D21DA2&encryptResult=true&_1=c3b37f81d0d3e190&_2=8D6426DE38119DED720A70799034C59D, contentLength=148871
2020-05-29 12:28:54,800 INFO  byps.BTransport 8422{1}:205 - send-16 Request=[RawStreamService.upload([4374203DD0297F4E9330494B38D21DA2:main:16,en/AU],[#11=[cmd=writedoc,id=0,docguid=(2C2A77D4-F92A-2708-BE31-8A9B47C511CF),...]],[null, #=148871,targetId=[0.0.0.]])]
2020-05-29 12:28:54,878 INFO  byps.BTransport 8500{1}:241 - send-16 [78] Response=##AES##gNGxy2xrHTT2NC2+R7yjjZL+qRZeWqtf974/rZgZltEQ0ZpIEx/PxG5eBZLqM2F9B7G+jQ1IKbWR0mW1ZpVW02piBYwM66sOSB87L9rSkQKThx9wqC0mAImBfVxWlLSdpoveG1Xcr1Np7doWczCyXhnukEfQ47f9+brughPv5aEEF5Ti76KLnIs1CrtsQRTxh+/PCxdui+YLRWsEPfLdvuQL8X2ztPIAFQ/BddSdeHTWP54sWHF2Hkj9uvmQpYNDgAm5rg5SuRRKzDSBiMZ583luvucg9xtrMh2gLsLqtGaouY1TZf4AXHZ/5bnOYLyun5pyBcRlm3B5WwfE0pBv/wfDnxRq4Y8qivKYsGRrRLYPkMzEJjB6ta57s5k5euwMdcMRCdr6vrxS3yPBWvrWO/goHe5HASaiKpOvOIo112Wx2Y2YbS1lzp8AyiLMzp94xn4qbR/8dctV3oKR3i3ahMTYPeHQiPh0bJNfRcLKQuIRuuEX+ufJc6Q08VVNJC2pNSu5aVEpgoAChU9UXcuVpx/DNk+zK6V4sKS0Uv9szM8Zm3U46TNrnv7FVvNNReolisxJzKYvla1ykmFZMiJfqO9H86hHmaHxkicYXoo7NNUP73RHb9GxLpg5RX/a550i1TInQCUIG/rUf5mYaM2cdOik6l06sEfy+al1k+q+Ey4Jbc88/Ihf7gJxcbFym8Ta82mSVFiChXTflM5ZcSTa5COHs5M/cuxAYCzXW9rs1M7cDaC1sTFCIrxBwdMdnd/ujxBRFnz6SkqQ716RIwLc8ydCDOUfA+/xiIVqTsIYImo=
2020-05-29 12:28:54,878 INFO  de.elo.ix.client.IXConnection 8500{1}:465 - End upload url=http://WIN-B2R16M2MKQD:9090/ix-GDOScanOnDemand/ix?cmd=writedoc&id=0&docguid=(2C2A77D4-F92A-2708-BE31-8A9B47C511CF)&path=1&owner=108&ext=YYYY700064006600&mode=&ticket=4374203DD0297F4E9330494B38D21DA2&encryptResult=true&_1=c3b37f81d0d3e190&_2=8D6426DE38119DED720A70799034C59D, contentLength=148871
2020-05-29 12:28:54,878 INFO  byps.BTransport 8500{1}:205 - send-17 Request=[IXServicePortIF.checkinDocEnd([4374203DD0297F4E9330494B38D21DA2:main:17,en/AU],[-1,Test3.pdf],[mbAll],[,docs:#1[[0,1]]],LOCK.NO)]
2020-05-29 12:28:54,956 INFO  byps.BTransport 8578{1}:256 - send-17 [78] Response=[TICKET:4374203DD0297F4E][ELOIX:1000]Database error.[DETAILS:java.sql.SQLException: com.microsoft.sqlserver.jdbc.SQLServerException: Could not allocate space for object 'dbo.relation'.'ixparents' in database 'GDOScanOnDemand' because the 'PRIMARY' filegroup is full. Create disk space by deleting unneeded files, dropping objects in the filegroup, adding additional files to the filegroup, or setting autogrowth on for existing files in the filegroup. DB[7510] Command="pstmt.executeUpdate()"]
2020-05-29 12:28:54,956 ERROR com.elo.au.migration.ix.IxFunctions 8578{1}:217 - Error in uploadDoc [TICKET:4374203DD0297F4E][ELOIX:1000]Database error.[DETAILS:java.sql.SQLException: com.microsoft.sqlserver.jdbc.SQLServerException: Could not allocate space for object 'dbo.relation'.'ixparents' in database 'GDOScanOnDemand' because the 'PRIMARY' filegroup is full. Create disk space by deleting unneeded files, dropping objects in the filegroup, adding additional files to the filegroup, or setting autogrowth on for existing files in the filegroup. DB[7510] Command="pstmt.executeUpdate()"]
2020-05-29 12:28:54,956 ERROR com.elo.au.migration.ix.IxFunctions 8578{1}:217 - H:\GDO Jobs\SOD\AccountName\Test DM\WO 01388993\Test3.pdf Upload failed - Skipping this document
2020-05-29 12:28:54,972 INFO  byps.BTransport 8594{1}:205 - send-18 Request=[IXServicePortIF.createDoc([4374203DD0297F4E9330494B38D21DA2:main:18,en/AU],null,Digital Mailroom,null,[mbSordDocAtt])]
2020-05-29 12:28:55,003 INFO  byps.BTransport 8625{1}:241 - send-18 [31] Response=[[-1,],[[,]],null]
2020-05-29 12:28:55,003 INFO  byps.BTransport 8625{1}:205 - send-19 Request=[IXServicePortIF.checkinDocBegin([4374203DD0297F4E9330494B38D21DA2:main:19,en/AU],[,docs:#1[[0,1]]])]
2020-05-29 12:28:55,034 INFO  byps.BTransport 8656{1}:241 - send-19 [31] Response=[,docs:#1[[0,1]]]
2020-05-29 12:28:55,034 INFO  de.elo.ix.client.IXConnection 8656{1}:425 - Upload file=H:\GDO Jobs\SOD\AccountName\Test DM\WO 01388993\Test4.pdf
2020-05-29 12:28:55,034 INFO  de.elo.ix.client.IXConnection 8656{1}:452 - Begin upload url=http://WIN-B2R16M2MKQD:9090/ix-GDOScanOnDemand/ix?cmd=writedoc&id=0&docguid=(667D4915-1F8A-BB0B-E9F2-622D0526C9B9)&path=1&owner=108&ext=YYYY700064006600&mode=&ticket=4374203DD0297F4E9330494B38D21DA2&encryptResult=true&_1=89727dff5ca67fa2&_2=9D6FCB6E78A8484605B87B1013BD5C08, contentLength=148871
2020-05-29 12:28:55,034 INFO  byps.BTransport 8656{1}:205 - send-20 Request=[RawStreamService.upload([4374203DD0297F4E9330494B38D21DA2:main:20,en/AU],[#11=[cmd=writedoc,id=0,docguid=(667D4915-1F8A-BB0B-E9F2-622D0526C9B9),...]],[null, #=148871,targetId=[0.0.0.]])]
2020-05-29 12:28:55,128 INFO  byps.BTransport 8750{1}:241 - send-20 [94] Response=##AES##gNGxy2xrHTT2NC2+R7yjjZL+qRZeWqtf974/rZgZltEQ0ZpIEx/PxG5eBZLqM2F9o4D4fXEYLVdFd8MLFiUHck7avU5YARvgIiBQTgawKJdBtRfBLtxP/P4e76laa0xW5QAzGlsnf/g4RRwcMh1oXBnukEfQ47f9+brughPv5aEEF5Ti76KLnIs1CrtsQRTxh+/PCxdui+YLRWsEPfLdvuQL8X2ztPIAFQ/BddSdeHTWP54sWHF2Hkj9uvmQpYNDbt1u18im0u660rjVFSxYX3luvucg9xtrMh2gLsLqtGaouY1TZf4AXHZ/5bnOYLyun5pyBcRlm3B5WwfE0pBv/wfDnxRq4Y8qivKYsGRrRLYPkMzEJjB6ta57s5k5euwMdcMRCdr6vrxS3yPBWvrWO/goHe5HASaiKpOvOIo112Wx2Y2YbS1lzp8AyiLMzp94xn4qbR/8dctV3oKR3i3ahMTYPeHQiPh0bJNfRcLKQuIRuuEX+ufJc6Q08VVNJC2pNSu5aVEpgoAChU9UXcuVpx/DNk+zK6V4sKS0Uv9szM8Zm3U46TNrnv7FVvNNReolisxJzKYvla1ykmFZMiJfqO9H86hHmaHxkicYXoo7NNUP73RHb9GxLpg5RX/a550i1TInQCUIG/rUf5mYaM2cdOik6l06sEfy+al1k+q+Ey4Jbc88/Ihf7gJxcbFym8Ta82mSVFiChXTflM5ZcSTa5COHs5M/cuxAYCzXW9rs1M7cDaC1sTFCIrxBwdMdnd/ujxBRFnz6SkqQ716RIwLc8ydCDOUfA+/xiIVqTsIYImo=
2020-05-29 12:28:55,128 INFO  de.elo.ix.client.IXConnection 8750{1}:465 - End upload url=http://WIN-B2R16M2MKQD:9090/ix-GDOScanOnDemand/ix?cmd=writedoc&id=0&docguid=(667D4915-1F8A-BB0B-E9F2-622D0526C9B9)&path=1&owner=108&ext=YYYY700064006600&mode=&ticket=4374203DD0297F4E9330494B38D21DA2&encryptResult=true&_1=89727dff5ca67fa2&_2=9D6FCB6E78A8484605B87B1013BD5C08, contentLength=148871
2020-05-29 12:28:55,128 INFO  byps.BTransport 8750{1}:205 - send-21 Request=[IXServicePortIF.checkinDocEnd([4374203DD0297F4E9330494B38D21DA2:main:21,en/AU],[-1,Test4.pdf],[mbAll],[,docs:#1[[0,1]]],LOCK.NO)]
2020-05-29 12:28:55,191 INFO  byps.BTransport 8813{1}:256 - send-21 [63] Response=[TICKET:4374203DD0297F4E][ELOIX:1000]Database error.[DETAILS:java.sql.SQLException: com.microsoft.sqlserver.jdbc.SQLServerException: Could not allocate space for object 'dbo.relation'.'ixparents' in database 'GDOScanOnDemand' because the 'PRIMARY' filegroup is full. Create disk space by deleting unneeded files, dropping objects in the filegroup, adding additional files to the filegroup, or setting autogrowth on for existing files in the filegroup. DB[7510] Command="pstmt.executeUpdate()"]
2020-05-29 12:28:55,191 ERROR com.elo.au.migration.ix.IxFunctions 8813{1}:217 - Error in uploadDoc [TICKET:4374203DD0297F4E][ELOIX:1000]Database error.[DETAILS:java.sql.SQLException: com.microsoft.sqlserver.jdbc.SQLServerException: Could not allocate space for object 'dbo.relation'.'ixparents' in database 'GDOScanOnDemand' because the 'PRIMARY' filegroup is full. Create disk space by deleting unneeded files, dropping objects in the filegroup, adding additional files to the filegroup, or setting autogrowth on for existing files in the filegroup. DB[7510] Command="pstmt.executeUpdate()"]
2020-05-29 12:28:55,191 ERROR com.elo.au.migration.ix.IxFunctions 8813{1}:217 - H:\GDO Jobs\SOD\AccountName\Test DM\WO 01388993\Test4.pdf Upload failed - Skipping this document
2020-05-29 12:28:55,206 INFO  com.elo.au.migration.ix.IxFunctions 8828{1}:209 - uploadToElo - End
2020-05-29 12:28:55,206 INFO  com.elo.au.migration.main.App 8828{1}:209 - ELO Upload Finished
2020-05-29 12:28:55,206 INFO  byps.BTransport 8828{1}:205 - send-22 Request=[IXServicePortIF.logout([4374203DD0297F4E9330494B38D21DA2:ix-logout:22,en/AU])]
2020-05-29 12:28:55,237 INFO  byps.BTransport 8859{1}:241 - send-22 [31] Response=(void)
2020-05-29 12:28:55,253 INFO  byps.BTransport 8875{1}:205 - send-1 Request=[BUtilityRequests.cancelMessage(-2)]
2020-05-29 12:28:55,300 INFO  byps.BTransport 8922{1}:205 - send-2 Request=[BUtilityRequests.cancelMessage(-2)]
2020-05-29 12:28:55,331 INFO  byps.BTransport 8953{1}:241 - send-2 [31] Response=(void)
2020-05-29 12:28:55,331 INFO  com.elo.au.migration.main.App 8953{1}:209 - Execute Finished
